#
# There is insufficient memory for the Java Runtime Environment to continue.
# Native memory allocation (malloc) failed to allocate 1048576 bytes. Error detail: AllocateHeap
# Possible reasons:
#   The system is out of physical RAM or swap space
#   This process is running with CompressedOops enabled, and the Java Heap may be blocking the growth of the native heap
# Possible solutions:
#   Reduce memory load on the system
#   Increase physical memory or swap space
#   Check if swap backing store is full
#   Decrease Java heap size (-Xmx/-Xms)
#   Decrease number of Java threads
#   Decrease Java thread stack sizes (-Xss)
#   Set larger code cache with -XX:ReservedCodeCacheSize=
#   JVM is running with Unscaled Compressed Oops mode in which the Java heap is
#     placed in the first 4GB address space. The Java Heap base address is the
#     maximum limit for the native heap growth. Please use -XX:HeapBaseMinAddress
#     to set the Java Heap base and to place the Java Heap above 4GB virtual address.
# This output file may be truncated or incomplete.
#
#  Out of Memory Error (allocation.cpp:44), pid=17232, tid=11756
#
# JRE version: OpenJDK Runtime Environment Temurin-21.0.8+9 (21.0.8+9) (build 21.0.8+9-LTS)
# Java VM: OpenJDK 64-Bit Server VM Temurin-21.0.8+9 (21.0.8+9-LTS, mixed mode, sharing, tiered, compressed oops, compressed class ptrs, parallel gc, windows-amd64)
# No core dump will be written. Minidumps are not enabled by default on client versions of Windows
#

---------------  S U M M A R Y ------------

Command Line: --add-modules=ALL-SYSTEM --add-opens=java.base/java.util=ALL-UNNAMED --add-opens=java.base/java.lang=ALL-UNNAMED --add-opens=java.base/sun.nio.fs=ALL-UNNAMED -Declipse.application=org.eclipse.jdt.ls.core.id1 -Dosgi.bundles.defaultStartLevel=4 -Declipse.product=org.eclipse.jdt.ls.core.product -Djava.import.generatesMetadataFilesAtProjectRoot=false -DDetectVMInstallationsJob.disabled=true -Dfile.encoding=utf8 -XX:+UseParallelGC -XX:GCTimeRatio=4 -XX:AdaptiveSizePolicyWeight=90 -Dsun.zip.disableMemoryMapping=true -Xmx2G -Xms100m -Xlog:disable -javaagent:c:\Users\admin\.vscode\extensions\redhat.java-1.45.0-win32-x64\lombok\lombok-1.18.39-4050.jar -XX:+HeapDumpOnOutOfMemoryError -XX:HeapDumpPath=c:\Users\admin\AppData\Roaming\Code\User\workspaceStorage\550f6b0b20cf3889ddcd57dbb848c865\redhat.java -Daether.dependencyCollector.impl=bf c:\Users\admin\.vscode\extensions\redhat.java-1.45.0-win32-x64\server\plugins\org.eclipse.equinox.launcher_1.7.0.v20250519-0528.jar -configuration c:\Users\admin\AppData\Roaming\Code\User\globalStorage\redhat.java\1.45.0\config_win -data c:\Users\admin\AppData\Roaming\Code\User\workspaceStorage\550f6b0b20cf3889ddcd57dbb848c865\redhat.java\jdt_ws --pipe=\\.\pipe\lsp-7ab74a7b6649bdcb86b8bf51449c3d34-sock

Host: Intel(R) Core(TM) i3-1005G1 CPU @ 1.20GHz, 4 cores, 3G,  Windows 11 , 64 bit Build 22621 (10.0.22621.5415)
Time: Wed Sep 24 21:48:57 2025 India Standard Time elapsed time: 1482.572570 seconds (0d 0h 24m 42s)

---------------  T H R E A D  ---------------

Current thread (0x000001cbf0c2ee60):  JavaThread "Attach Listener" daemon [_thread_in_vm, id=11756, stack(0x000000a12f200000,0x000000a12f300000) (1024K)]

Stack: [0x000000a12f200000,0x000000a12f300000]
Native frames: (J=compiled Java code, j=interpreted, Vv=VM code, C=native code)
V  [jvm.dll+0x6d2449]
V  [jvm.dll+0x8ae341]
V  [jvm.dll+0x8b08be]
V  [jvm.dll+0x8b0fa3]
V  [jvm.dll+0x280c96]
V  [jvm.dll+0xc0347]
V  [jvm.dll+0x6d2cf9]
V  [jvm.dll+0x131116]
V  [jvm.dll+0x3f2d16]
V  [jvm.dll+0x857e6b]
V  [jvm.dll+0x6d0b0d]
C  [ucrtbase.dll+0x29333]
C  [KERNEL32.DLL+0x1259d]
C  [ntdll.dll+0x5af78]


---------------  P R O C E S S  ---------------

Threads class SMR info:
_java_thread_list=0x000001cbf97cddb0, length=30, elements={
0x000001cbf0d3df20, 0x000001cbf0c2a1d0, 0x000001cbf0c2be60, 0x000001cbf0c2de60,
0x000001cbf0c2ee60, 0x000001cbf0c2fe60, 0x000001cbf0c31bb0, 0x000001cbf0c34ae0,
0x000001cbf0cad460, 0x000001cbf0cee5e0, 0x000001cbf953e1d0, 0x000001cbf9823d60,
0x000001cbf96f6ea0, 0x000001cbf96ce5b0, 0x000001cbf96ca4c0, 0x000001cbf936ee60,
0x000001cbfe3ed680, 0x000001cbf9ca2230, 0x000001cbf9ca2f50, 0x000001cbf9ca35e0,
0x000001cbf9ca3c70, 0x000001cbf9ca4300, 0x000001cbd176ac50, 0x000001cbd176b2e0,
0x000001cbd1767e60, 0x000001cbd176c000, 0x000001cbd176cd20, 0x000001cbd176b970,
0x000001cbd1769f30, 0x000001cbd17684f0
}

Java Threads: ( => current thread )
  0x000001cbf0d3df20 JavaThread "main"                              [_thread_blocked, id=9660, stack(0x000000a12eb00000,0x000000a12ec00000) (1024K)]
  0x000001cbf0c2a1d0 JavaThread "Reference Handler"          daemon [_thread_blocked, id=3148, stack(0x000000a12ef00000,0x000000a12f000000) (1024K)]
  0x000001cbf0c2be60 JavaThread "Finalizer"                  daemon [_thread_blocked, id=7132, stack(0x000000a12f000000,0x000000a12f100000) (1024K)]
  0x000001cbf0c2de60 JavaThread "Signal Dispatcher"          daemon [_thread_blocked, id=20128, stack(0x000000a12f100000,0x000000a12f200000) (1024K)]
=>0x000001cbf0c2ee60 JavaThread "Attach Listener"            daemon [_thread_in_vm, id=11756, stack(0x000000a12f200000,0x000000a12f300000) (1024K)]
  0x000001cbf0c2fe60 JavaThread "Service Thread"             daemon [_thread_blocked, id=6308, stack(0x000000a12f300000,0x000000a12f400000) (1024K)]
  0x000001cbf0c31bb0 JavaThread "Monitor Deflation Thread"   daemon [_thread_blocked, id=3952, stack(0x000000a12f400000,0x000000a12f500000) (1024K)]
  0x000001cbf0c34ae0 JavaThread "C2 CompilerThread0"         daemon [_thread_blocked, id=11536, stack(0x000000a12f500000,0x000000a12f600000) (1024K)]
  0x000001cbf0cad460 JavaThread "C1 CompilerThread0"         daemon [_thread_blocked, id=10960, stack(0x000000a12f600000,0x000000a12f700000) (1024K)]
  0x000001cbf0cee5e0 JavaThread "Common-Cleaner"             daemon [_thread_blocked, id=16900, stack(0x000000a12f700000,0x000000a12f800000) (1024K)]
  0x000001cbf953e1d0 JavaThread "Notification Thread"        daemon [_thread_blocked, id=17444, stack(0x000000a12f800000,0x000000a12f900000) (1024K)]
  0x000001cbf9823d60 JavaThread "Active Thread: Equinox Container: 859fda41-d226-4eef-bfc1-3f9ee41c8911"        [_thread_blocked, id=19400, stack(0x000000a12fc00000,0x000000a12fd00000) (1024K)]
  0x000001cbf96f6ea0 JavaThread "Refresh Thread: Equinox Container: 859fda41-d226-4eef-bfc1-3f9ee41c8911" daemon [_thread_blocked, id=18360, stack(0x000000a12fd00000,0x000000a12fe00000) (1024K)]
  0x000001cbf96ce5b0 JavaThread "Framework Event Dispatcher: Equinox Container: 859fda41-d226-4eef-bfc1-3f9ee41c8911" daemon [_thread_blocked, id=6588, stack(0x000000a12fe00000,0x000000a12ff00000) (1024K)]
  0x000001cbf96ca4c0 JavaThread "Start Level: Equinox Container: 859fda41-d226-4eef-bfc1-3f9ee41c8911" daemon [_thread_blocked, id=9368, stack(0x000000a12ff00000,0x000000a130000000) (1024K)]
  0x000001cbf936ee60 JavaThread "Bundle File Closer"         daemon [_thread_blocked, id=12372, stack(0x000000a130000000,0x000000a130100000) (1024K)]
  0x000001cbfe3ed680 JavaThread "SCR Component Actor"        daemon [_thread_blocked, id=1660, stack(0x000000a130100000,0x000000a130200000) (1024K)]
  0x000001cbf9ca2230 JavaThread "Worker-JM"                         [_thread_blocked, id=11632, stack(0x000000a12e900000,0x000000a12ea00000) (1024K)]
  0x000001cbf9ca2f50 JavaThread "JNA Cleaner"                daemon [_thread_blocked, id=15932, stack(0x000000a130300000,0x000000a130400000) (1024K)]
  0x000001cbf9ca35e0 JavaThread "Worker-0"                          [_thread_blocked, id=16396, stack(0x000000a130400000,0x000000a130500000) (1024K)]
  0x000001cbf9ca3c70 JavaThread "Worker-1"                          [_thread_blocked, id=18168, stack(0x000000a130500000,0x000000a130600000) (1024K)]
  0x000001cbf9ca4300 JavaThread "Java indexing"              daemon [_thread_blocked, id=19836, stack(0x000000a130700000,0x000000a130800000) (1024K)]
  0x000001cbd176ac50 JavaThread "Thread-2"                   daemon [_thread_in_native, id=18552, stack(0x000000a130a00000,0x000000a130b00000) (1024K)]
  0x000001cbd176b2e0 JavaThread "Thread-3"                   daemon [_thread_in_native, id=16752, stack(0x000000a130b00000,0x000000a130c00000) (1024K)]
  0x000001cbd1767e60 JavaThread "Thread-4"                   daemon [_thread_in_native, id=14192, stack(0x000000a130c00000,0x000000a130d00000) (1024K)]
  0x000001cbd176c000 JavaThread "Thread-5"                   daemon [_thread_in_native, id=21988, stack(0x000000a130d00000,0x000000a130e00000) (1024K)]
  0x000001cbd176cd20 JavaThread "Thread-6"                   daemon [_thread_in_native, id=17816, stack(0x000000a130e00000,0x000000a130f00000) (1024K)]
  0x000001cbd176b970 JavaThread "pool-2-thread-1"                   [_thread_blocked, id=16624, stack(0x000000a130f00000,0x000000a131000000) (1024K)]
  0x000001cbd1769f30 JavaThread "WorkspaceEventsHandler"            [_thread_blocked, id=20420, stack(0x000000a131000000,0x000000a131100000) (1024K)]
  0x000001cbd17684f0 JavaThread "pool-1-thread-1"                   [_thread_blocked, id=20556, stack(0x000000a131100000,0x000000a131200000) (1024K)]
Total: 30

Other Threads:
  0x000001cbf0dfd580 VMThread "VM Thread"                           [id=21180, stack(0x000000a12ee00000,0x000000a12ef00000) (1024K)]
  0x000001cbf0da6aa0 WatcherThread "VM Periodic Task Thread"        [id=12328, stack(0x000000a12ed00000,0x000000a12ee00000) (1024K)]
  0x000001cbf0d5b620 WorkerThread "GC Thread#0"                     [id=20620, stack(0x000000a12ec00000,0x000000a12ed00000) (1024K)]
  0x000001cbf9704d60 WorkerThread "GC Thread#1"                     [id=9252, stack(0x000000a12f900000,0x000000a12fa00000) (1024K)]
  0x000001cbf9a878c0 WorkerThread "GC Thread#2"                     [id=9540, stack(0x000000a12fa00000,0x000000a12fb00000) (1024K)]
  0x000001cbf0c66580 WorkerThread "GC Thread#3"                     [id=10528, stack(0x000000a12fb00000,0x000000a12fc00000) (1024K)]
Total: 6

Threads with active compile tasks:
Total: 0

VM state: not at safepoint (normal execution)

VM Mutex/Monitor currently owned by a thread: None

Heap address: 0x0000000080000000, size: 2048 MB, Compressed Oops mode: 32-bit

CDS archive(s) mapped at: [0x000001cb8f000000-0x000001cb8fba0000-0x000001cb8fba0000), size 12189696, SharedBaseAddress: 0x000001cb8f000000, ArchiveRelocationMode: 1.
Compressed class space mapped at: 0x000001cb90000000-0x000001cbd0000000, reserved size: 1073741824
Narrow klass base: 0x000001cb8f000000, Narrow klass shift: 0, Narrow klass range: 0x100000000

GC Precious Log:
 CardTable entry size: 512
 CPUs: 4 total, 4 available
 Memory: 3838M
 Large Page Support: Disabled
 NUMA Support: Disabled
 Compressed Oops: Enabled (32-bit)
 Alignments: Space 512K, Generation 512K, Heap 2M
 Heap Min Capacity: 100M
 Heap Initial Capacity: 100M
 Heap Max Capacity: 2G
 Pre-touch: Disabled
 Parallel Workers: 4

Heap:
 PSYoungGen      total 2048K, used 1499K [0x00000000d5580000, 0x00000000d5c80000, 0x0000000100000000)
  eden space 1536K, 78% used [0x00000000d5580000,0x00000000d56aeee0,0x00000000d5700000)
  from space 512K, 56% used [0x00000000d5c00000,0x00000000d5c48000,0x00000000d5c80000)
  to   space 512K, 0% used [0x00000000d5b80000,0x00000000d5b80000,0x00000000d5c00000)
 ParOldGen       total 143872K, used 132666K [0x0000000080000000, 0x0000000088c80000, 0x00000000d5580000)
  object space 143872K, 92% used [0x0000000080000000,0x000000008818eab8,0x0000000088c80000)
 Metaspace       used 65625K, committed 67072K, reserved 1114112K
  class space    used 6852K, committed 7488K, reserved 1048576K

Card table byte_map: [0x000001cbf06e0000,0x000001cbf0af0000] _byte_map_base: 0x000001cbf02e0000

Marking Bits: (ParMarkBitMap*) 0x00007ff95c62a340
 Begin Bits: [0x000001cbf41e0000, 0x000001cbf61e0000)
 End Bits:   [0x000001cbf61e0000, 0x000001cbf81e0000)

Polling page: 0x000001cbeebd0000

Metaspace:

Usage:
  Non-class:     57.40 MB used.
      Class:      6.69 MB used.
       Both:     64.09 MB used.

Virtual space:
  Non-class space:       64.00 MB reserved,      58.19 MB ( 91%) committed,  1 nodes.
      Class space:        1.00 GB reserved,       7.31 MB ( <1%) committed,  1 nodes.
             Both:        1.06 GB reserved,      65.50 MB (  6%) committed. 

Chunk freelists:
   Non-Class:  5.57 MB
       Class:  8.73 MB
        Both:  14.30 MB

MaxMetaspaceSize: unlimited
CompressedClassSpaceSize: 1.00 GB
Initial GC threshold: 21.00 MB
Current GC threshold: 97.31 MB
CDS: on
 - commit_granule_bytes: 65536.
 - commit_granule_words: 8192.
 - virtual_space_node_default_size: 8388608.
 - enlarge_chunks_in_place: 1.
 - use_allocation_guard: 0.


Internal statistics:

num_allocs_failed_limit: 9.
num_arena_births: 1208.
num_arena_deaths: 14.
num_vsnodes_births: 2.
num_vsnodes_deaths: 0.
num_space_committed: 1048.
num_space_uncommitted: 0.
num_chunks_returned_to_freelist: 23.
num_chunks_taken_from_freelist: 4283.
num_chunk_merges: 13.
num_chunk_splits: 2654.
num_chunks_enlarged: 1476.
num_inconsistent_stats: 0.

CodeHeap 'non-profiled nmethods': size=120000Kb used=8002Kb max_used=8002Kb free=111997Kb
 bounds [0x000001cb87ad0000, 0x000001cb882b0000, 0x000001cb8f000000]
CodeHeap 'profiled nmethods': size=120000Kb used=27126Kb max_used=27126Kb free=92873Kb
 bounds [0x000001cb80000000, 0x000001cb81a80000, 0x000001cb87530000]
CodeHeap 'non-nmethods': size=5760Kb used=1443Kb max_used=1503Kb free=4317Kb
 bounds [0x000001cb87530000, 0x000001cb877a0000, 0x000001cb87ad0000]
CodeCache: size=245760Kb, used=36571Kb, max_used=36631Kb, free=209187Kb
 total_blobs=12529, nmethods=11779, adapters=654, full_count=0
Compilation: enabled, stopped_count=0, restarted_count=0

Compilation events (20 events):
Event: 1260.624 Thread 0x000001cbf0cad460 12631       3       java.util.concurrent.ThreadPoolExecutor$Worker::lock (6 bytes)
Event: 1260.625 Thread 0x000001cbf0cad460 nmethod 12631 0x000001cb81a79c90 code [0x000001cb81a79e40, 0x000001cb81a79f80]
Event: 1260.626 Thread 0x000001cbf0cad460 12632       3       java.util.concurrent.ThreadPoolExecutor::beforeExecute (1 bytes)
Event: 1260.627 Thread 0x000001cbf0cad460 nmethod 12632 0x000001cb81a7a010 code [0x000001cb81a7a1a0, 0x000001cb81a7a2a8]
Event: 1264.143 Thread 0x000001cbf0cad460 12633       3       org.eclipse.core.internal.utils.StringPool::add (50 bytes)
Event: 1264.165 Thread 0x000001cbf0cad460 nmethod 12633 0x000001cb81a7a310 code [0x000001cb81a7a500, 0x000001cb81a7a9d0]
Event: 1264.166 Thread 0x000001cbf0cad460 12635       3       org.eclipse.core.internal.dtree.AbstractDataTreeNode::storeStrings (42 bytes)
Event: 1264.172 Thread 0x000001cbf0cad460 nmethod 12635 0x000001cb81a7ab90 code [0x000001cb81a7ad60, 0x000001cb81a7b0d8]
Event: 1264.172 Thread 0x000001cbf0cad460 12634       3       org.eclipse.core.internal.dtree.DataTreeNode::storeStrings (28 bytes)
Event: 1264.175 Thread 0x000001cbf0cad460 nmethod 12634 0x000001cb81a7b290 code [0x000001cb81a7b460, 0x000001cb81a7b8e0]
Event: 1281.127 Thread 0x000001cbf0cad460 12636   !   3       java.util.concurrent.ThreadPoolExecutor::getTask (177 bytes)
Event: 1281.152 Thread 0x000001cbf0cad460 nmethod 12636 0x000001cb81a7ba10 code [0x000001cb81a7bcc0, 0x000001cb81a7caf0]
Event: 1291.142 Thread 0x000001cbf0cad460 12637       3       java.util.concurrent.ThreadPoolExecutor::afterExecute (1 bytes)
Event: 1291.143 Thread 0x000001cbf0cad460 nmethod 12637 0x000001cb81a7cf90 code [0x000001cb81a7d120, 0x000001cb81a7d228]
Event: 1350.665 Thread 0x000001cbf0c34ae0 12638       4       java.util.concurrent.locks.AbstractQueuedSynchronizer$ConditionObject::signal (34 bytes)
Event: 1350.683 Thread 0x000001cbf0c34ae0 nmethod 12638 0x000001cb882a0190 code [0x000001cb882a0340, 0x000001cb882a0478]
Event: 1351.214 Thread 0x000001cbf0cad460 12639       1       org.eclipse.jdt.ls.core.internal.LanguageServerApplication::getParentProcessId (5 bytes)
Event: 1351.216 Thread 0x000001cbf0cad460 nmethod 12639 0x000001cb882a0590 code [0x000001cb882a0720, 0x000001cb882a07e8]
Event: 1421.002 Thread 0x000001cbf0cad460 12640       3       java.util.concurrent.locks.AbstractQueuedSynchronizer$ConditionObject::unlinkCancelledWaiters (91 bytes)
Event: 1421.004 Thread 0x000001cbf0cad460 nmethod 12640 0x000001cb81a7d290 code [0x000001cb81a7d440, 0x000001cb81a7d7d0]

GC Heap History (20 events):
Event: 217.029 GC heap before
{Heap before GC invocations=144 (full 3):
 PSYoungGen      total 7680K, used 7648K [0x00000000d5580000, 0x00000000d6400000, 0x0000000100000000)
  eden space 6144K, 100% used [0x00000000d5580000,0x00000000d5b80000,0x00000000d5b80000)
  from space 1536K, 97% used [0x00000000d6280000,0x00000000d63f8148,0x00000000d6400000)
  to   space 3072K, 0% used [0x00000000d5e00000,0x00000000d5e00000,0x00000000d6100000)
 ParOldGen       total 143872K, used 116182K [0x0000000080000000, 0x0000000088c80000, 0x00000000d5580000)
  object space 143872K, 80% used [0x0000000080000000,0x0000000087175bb8,0x0000000088c80000)
 Metaspace       used 65269K, committed 66752K, reserved 1114112K
  class space    used 6807K, committed 7424K, reserved 1048576K
}
Event: 217.037 GC heap after
{Heap after GC invocations=144 (full 3):
 PSYoungGen      total 8704K, used 2088K [0x00000000d5580000, 0x00000000d6300000, 0x0000000100000000)
  eden space 6144K, 0% used [0x00000000d5580000,0x00000000d5580000,0x00000000d5b80000)
  from space 2560K, 81% used [0x00000000d5e00000,0x00000000d600a1c0,0x00000000d6080000)
  to   space 2560K, 0% used [0x00000000d6080000,0x00000000d6080000,0x00000000d6300000)
 ParOldGen       total 143872K, used 117590K [0x0000000080000000, 0x0000000088c80000, 0x00000000d5580000)
  object space 143872K, 81% used [0x0000000080000000,0x00000000872d5868,0x0000000088c80000)
 Metaspace       used 65269K, committed 66752K, reserved 1114112K
  class space    used 6807K, committed 7424K, reserved 1048576K
}
Event: 217.348 GC heap before
{Heap before GC invocations=145 (full 3):
 PSYoungGen      total 8704K, used 8232K [0x00000000d5580000, 0x00000000d6300000, 0x0000000100000000)
  eden space 6144K, 100% used [0x00000000d5580000,0x00000000d5b80000,0x00000000d5b80000)
  from space 2560K, 81% used [0x00000000d5e00000,0x00000000d600a1c0,0x00000000d6080000)
  to   space 2560K, 0% used [0x00000000d6080000,0x00000000d6080000,0x00000000d6300000)
 ParOldGen       total 143872K, used 117590K [0x0000000080000000, 0x0000000088c80000, 0x00000000d5580000)
  object space 143872K, 81% used [0x0000000080000000,0x00000000872d5868,0x0000000088c80000)
 Metaspace       used 65270K, committed 66752K, reserved 1114112K
  class space    used 6807K, committed 7424K, reserved 1048576K
}
Event: 217.359 GC heap after
{Heap after GC invocations=145 (full 3):
 PSYoungGen      total 8192K, used 1989K [0x00000000d5580000, 0x00000000d6280000, 0x0000000100000000)
  eden space 6144K, 0% used [0x00000000d5580000,0x00000000d5580000,0x00000000d5b80000)
  from space 2048K, 97% used [0x00000000d6080000,0x00000000d62715a8,0x00000000d6280000)
  to   space 2048K, 0% used [0x00000000d5e80000,0x00000000d5e80000,0x00000000d6080000)
 ParOldGen       total 143872K, used 119608K [0x0000000080000000, 0x0000000088c80000, 0x00000000d5580000)
  object space 143872K, 83% used [0x0000000080000000,0x00000000874ce1b8,0x0000000088c80000)
 Metaspace       used 65270K, committed 66752K, reserved 1114112K
  class space    used 6807K, committed 7424K, reserved 1048576K
}
Event: 218.378 GC heap before
{Heap before GC invocations=146 (full 3):
 PSYoungGen      total 8192K, used 8133K [0x00000000d5580000, 0x00000000d6280000, 0x0000000100000000)
  eden space 6144K, 100% used [0x00000000d5580000,0x00000000d5b80000,0x00000000d5b80000)
  from space 2048K, 97% used [0x00000000d6080000,0x00000000d62715a8,0x00000000d6280000)
  to   space 2048K, 0% used [0x00000000d5e80000,0x00000000d5e80000,0x00000000d6080000)
 ParOldGen       total 143872K, used 119608K [0x0000000080000000, 0x0000000088c80000, 0x00000000d5580000)
  object space 143872K, 83% used [0x0000000080000000,0x00000000874ce1b8,0x0000000088c80000)
 Metaspace       used 65417K, committed 66880K, reserved 1114112K
  class space    used 6840K, committed 7488K, reserved 1048576K
}
Event: 218.392 GC heap after
{Heap after GC invocations=146 (full 3):
 PSYoungGen      total 8192K, used 1820K [0x00000000d5580000, 0x00000000d6100000, 0x0000000100000000)
  eden space 6144K, 0% used [0x00000000d5580000,0x00000000d5580000,0x00000000d5b80000)
  from space 2048K, 88% used [0x00000000d5e80000,0x00000000d6047180,0x00000000d6080000)
  to   space 512K, 0% used [0x00000000d6080000,0x00000000d6080000,0x00000000d6100000)
 ParOldGen       total 143872K, used 121501K [0x0000000080000000, 0x0000000088c80000, 0x00000000d5580000)
  object space 143872K, 84% used [0x0000000080000000,0x00000000876a75f8,0x0000000088c80000)
 Metaspace       used 65417K, committed 66880K, reserved 1114112K
  class space    used 6840K, committed 7488K, reserved 1048576K
}
Event: 218.810 GC heap before
{Heap before GC invocations=147 (full 3):
 PSYoungGen      total 8192K, used 7964K [0x00000000d5580000, 0x00000000d6100000, 0x0000000100000000)
  eden space 6144K, 100% used [0x00000000d5580000,0x00000000d5b80000,0x00000000d5b80000)
  from space 2048K, 88% used [0x00000000d5e80000,0x00000000d6047180,0x00000000d6080000)
  to   space 512K, 0% used [0x00000000d6080000,0x00000000d6080000,0x00000000d6100000)
 ParOldGen       total 143872K, used 121501K [0x0000000080000000, 0x0000000088c80000, 0x00000000d5580000)
  object space 143872K, 84% used [0x0000000080000000,0x00000000876a75f8,0x0000000088c80000)
 Metaspace       used 65423K, committed 66880K, reserved 1114112K
  class space    used 6840K, committed 7488K, reserved 1048576K
}
Event: 218.829 GC heap after
{Heap after GC invocations=147 (full 3):
 PSYoungGen      total 6656K, used 480K [0x00000000d5580000, 0x00000000d6380000, 0x0000000100000000)
  eden space 6144K, 0% used [0x00000000d5580000,0x00000000d5580000,0x00000000d5b80000)
  from space 512K, 93% used [0x00000000d6080000,0x00000000d60f8010,0x00000000d6100000)
  to   space 4096K, 0% used [0x00000000d5b80000,0x00000000d5b80000,0x00000000d5f80000)
 ParOldGen       total 143872K, used 124377K [0x0000000080000000, 0x0000000088c80000, 0x00000000d5580000)
  object space 143872K, 86% used [0x0000000080000000,0x0000000087976708,0x0000000088c80000)
 Metaspace       used 65423K, committed 66880K, reserved 1114112K
  class space    used 6840K, committed 7488K, reserved 1048576K
}
Event: 219.419 GC heap before
{Heap before GC invocations=148 (full 3):
 PSYoungGen      total 6656K, used 5888K [0x00000000d5580000, 0x00000000d6380000, 0x0000000100000000)
  eden space 6144K, 88% used [0x00000000d5580000,0x00000000d5ac8390,0x00000000d5b80000)
  from space 512K, 93% used [0x00000000d6080000,0x00000000d60f8010,0x00000000d6100000)
  to   space 4096K, 0% used [0x00000000d5b80000,0x00000000d5b80000,0x00000000d5f80000)
 ParOldGen       total 143872K, used 124377K [0x0000000080000000, 0x0000000088c80000, 0x00000000d5580000)
  object space 143872K, 86% used [0x0000000080000000,0x0000000087976708,0x0000000088c80000)
 Metaspace       used 65513K, committed 66944K, reserved 1114112K
  class space    used 6846K, committed 7488K, reserved 1048576K
}
Event: 219.432 GC heap after
{Heap after GC invocations=148 (full 3):
 PSYoungGen      total 8192K, used 1750K [0x00000000d5580000, 0x00000000d6100000, 0x0000000100000000)
  eden space 6144K, 0% used [0x00000000d5580000,0x00000000d5580000,0x00000000d5b80000)
  from space 2048K, 85% used [0x00000000d5b80000,0x00000000d5d358b0,0x00000000d5d80000)
  to   space 2560K, 0% used [0x00000000d5e80000,0x00000000d5e80000,0x00000000d6100000)
 ParOldGen       total 143872K, used 124878K [0x0000000080000000, 0x0000000088c80000, 0x00000000d5580000)
  object space 143872K, 86% used [0x0000000080000000,0x00000000879f3ab0,0x0000000088c80000)
 Metaspace       used 65513K, committed 66944K, reserved 1114112K
  class space    used 6846K, committed 7488K, reserved 1048576K
}
Event: 219.696 GC heap before
{Heap before GC invocations=149 (full 3):
 PSYoungGen      total 8192K, used 7894K [0x00000000d5580000, 0x00000000d6100000, 0x0000000100000000)
  eden space 6144K, 100% used [0x00000000d5580000,0x00000000d5b80000,0x00000000d5b80000)
  from space 2048K, 85% used [0x00000000d5b80000,0x00000000d5d358b0,0x00000000d5d80000)
  to   space 2560K, 0% used [0x00000000d5e80000,0x00000000d5e80000,0x00000000d6100000)
 ParOldGen       total 143872K, used 124878K [0x0000000080000000, 0x0000000088c80000, 0x00000000d5580000)
  object space 143872K, 86% used [0x0000000080000000,0x00000000879f3ab0,0x0000000088c80000)
 Metaspace       used 65522K, committed 66944K, reserved 1114112K
  class space    used 6846K, committed 7488K, reserved 1048576K
}
Event: 219.716 GC heap after
{Heap after GC invocations=149 (full 3):
 PSYoungGen      total 4096K, used 2559K [0x00000000d5580000, 0x00000000d6a80000, 0x0000000100000000)
  eden space 1536K, 0% used [0x00000000d5580000,0x00000000d5580000,0x00000000d5700000)
  from space 2560K, 99% used [0x00000000d5e80000,0x00000000d60ffed8,0x00000000d6100000)
  to   space 7680K, 0% used [0x00000000d5700000,0x00000000d5700000,0x00000000d5e80000)
 ParOldGen       total 143872K, used 129070K [0x0000000080000000, 0x0000000088c80000, 0x00000000d5580000)
  object space 143872K, 89% used [0x0000000080000000,0x0000000087e0bb20,0x0000000088c80000)
 Metaspace       used 65522K, committed 66944K, reserved 1114112K
  class space    used 6846K, committed 7488K, reserved 1048576K
}
Event: 219.962 GC heap before
{Heap before GC invocations=150 (full 3):
 PSYoungGen      total 4096K, used 4095K [0x00000000d5580000, 0x00000000d6a80000, 0x0000000100000000)
  eden space 1536K, 100% used [0x00000000d5580000,0x00000000d5700000,0x00000000d5700000)
  from space 2560K, 99% used [0x00000000d5e80000,0x00000000d60ffed8,0x00000000d6100000)
  to   space 7680K, 0% used [0x00000000d5700000,0x00000000d5700000,0x00000000d5e80000)
 ParOldGen       total 143872K, used 129070K [0x0000000080000000, 0x0000000088c80000, 0x00000000d5580000)
  object space 143872K, 89% used [0x0000000080000000,0x0000000087e0bb20,0x0000000088c80000)
 Metaspace       used 65548K, committed 67008K, reserved 1114112K
  class space    used 6850K, committed 7488K, reserved 1048576K
}
Event: 219.976 GC heap after
{Heap after GC invocations=150 (full 3):
 PSYoungGen      total 2560K, used 544K [0x00000000d5580000, 0x00000000d5f00000, 0x0000000100000000)
  eden space 1536K, 0% used [0x00000000d5580000,0x00000000d5580000,0x00000000d5700000)
  from space 1024K, 53% used [0x00000000d5700000,0x00000000d5788000,0x00000000d5800000)
  to   space 3072K, 0% used [0x00000000d5c00000,0x00000000d5c00000,0x00000000d5f00000)
 ParOldGen       total 143872K, used 131609K [0x0000000080000000, 0x0000000088c80000, 0x00000000d5580000)
  object space 143872K, 91% used [0x0000000080000000,0x00000000880867c8,0x0000000088c80000)
 Metaspace       used 65548K, committed 67008K, reserved 1114112K
  class space    used 6850K, committed 7488K, reserved 1048576K
}
Event: 596.252 GC heap before
{Heap before GC invocations=151 (full 3):
 PSYoungGen      total 2560K, used 2079K [0x00000000d5580000, 0x00000000d5f00000, 0x0000000100000000)
  eden space 1536K, 99% used [0x00000000d5580000,0x00000000d56ffff0,0x00000000d5700000)
  from space 1024K, 53% used [0x00000000d5700000,0x00000000d5788000,0x00000000d5800000)
  to   space 3072K, 0% used [0x00000000d5c00000,0x00000000d5c00000,0x00000000d5f00000)
 ParOldGen       total 143872K, used 131609K [0x0000000080000000, 0x0000000088c80000, 0x00000000d5580000)
  object space 143872K, 91% used [0x0000000080000000,0x00000000880867c8,0x0000000088c80000)
 Metaspace       used 65579K, committed 67072K, reserved 1114112K
  class space    used 6852K, committed 7488K, reserved 1048576K
}
Event: 596.487 GC heap after
{Heap after GC invocations=151 (full 3):
 PSYoungGen      total 2048K, used 352K [0x00000000d5580000, 0x00000000d5c80000, 0x0000000100000000)
  eden space 1536K, 0% used [0x00000000d5580000,0x00000000d5580000,0x00000000d5700000)
  from space 512K, 68% used [0x00000000d5c00000,0x00000000d5c58040,0x00000000d5c80000)
  to   space 1024K, 0% used [0x00000000d5a80000,0x00000000d5a80000,0x00000000d5b80000)
 ParOldGen       total 143872K, used 132105K [0x0000000080000000, 0x0000000088c80000, 0x00000000d5580000)
  object space 143872K, 91% used [0x0000000080000000,0x00000000881027c8,0x0000000088c80000)
 Metaspace       used 65579K, committed 67072K, reserved 1114112K
  class space    used 6852K, committed 7488K, reserved 1048576K
}
Event: 597.254 GC heap before
{Heap before GC invocations=152 (full 3):
 PSYoungGen      total 2048K, used 1888K [0x00000000d5580000, 0x00000000d5c80000, 0x0000000100000000)
  eden space 1536K, 100% used [0x00000000d5580000,0x00000000d5700000,0x00000000d5700000)
  from space 512K, 68% used [0x00000000d5c00000,0x00000000d5c58040,0x00000000d5c80000)
  to   space 1024K, 0% used [0x00000000d5a80000,0x00000000d5a80000,0x00000000d5b80000)
 ParOldGen       total 143872K, used 132105K [0x0000000080000000, 0x0000000088c80000, 0x00000000d5580000)
  object space 143872K, 91% used [0x0000000080000000,0x00000000881027c8,0x0000000088c80000)
 Metaspace       used 65581K, committed 67072K, reserved 1114112K
  class space    used 6852K, committed 7488K, reserved 1048576K
}
Event: 597.265 GC heap after
{Heap after GC invocations=152 (full 3):
 PSYoungGen      total 2560K, used 378K [0x00000000d5580000, 0x00000000d5c80000, 0x0000000100000000)
  eden space 1536K, 0% used [0x00000000d5580000,0x00000000d5580000,0x00000000d5700000)
  from space 1024K, 36% used [0x00000000d5a80000,0x00000000d5ade900,0x00000000d5b80000)
  to   space 512K, 0% used [0x00000000d5c00000,0x00000000d5c00000,0x00000000d5c80000)
 ParOldGen       total 143872K, used 132350K [0x0000000080000000, 0x0000000088c80000, 0x00000000d5580000)
  object space 143872K, 91% used [0x0000000080000000,0x000000008813f8a8,0x0000000088c80000)
 Metaspace       used 65581K, committed 67072K, reserved 1114112K
  class space    used 6852K, committed 7488K, reserved 1048576K
}
Event: 597.713 GC heap before
{Heap before GC invocations=153 (full 3):
 PSYoungGen      total 2560K, used 1914K [0x00000000d5580000, 0x00000000d5c80000, 0x0000000100000000)
  eden space 1536K, 100% used [0x00000000d5580000,0x00000000d5700000,0x00000000d5700000)
  from space 1024K, 36% used [0x00000000d5a80000,0x00000000d5ade900,0x00000000d5b80000)
  to   space 512K, 0% used [0x00000000d5c00000,0x00000000d5c00000,0x00000000d5c80000)
 ParOldGen       total 143872K, used 132350K [0x0000000080000000, 0x0000000088c80000, 0x00000000d5580000)
  object space 143872K, 91% used [0x0000000080000000,0x000000008813f8a8,0x0000000088c80000)
 Metaspace       used 65596K, committed 67072K, reserved 1114112K
  class space    used 6852K, committed 7488K, reserved 1048576K
}
Event: 597.729 GC heap after
{Heap after GC invocations=153 (full 3):
 PSYoungGen      total 2048K, used 288K [0x00000000d5580000, 0x00000000d5c80000, 0x0000000100000000)
  eden space 1536K, 0% used [0x00000000d5580000,0x00000000d5580000,0x00000000d5700000)
  from space 512K, 56% used [0x00000000d5c00000,0x00000000d5c48000,0x00000000d5c80000)
  to   space 512K, 0% used [0x00000000d5b80000,0x00000000d5b80000,0x00000000d5c00000)
 ParOldGen       total 143872K, used 132666K [0x0000000080000000, 0x0000000088c80000, 0x00000000d5580000)
  object space 143872K, 92% used [0x0000000080000000,0x000000008818eab8,0x0000000088c80000)
 Metaspace       used 65596K, committed 67072K, reserved 1114112K
  class space    used 6852K, committed 7488K, reserved 1048576K
}

Dll operation events (10 events):
Event: 0.048 Loaded shared library c:\Users\admin\.vscode\extensions\redhat.java-1.45.0-win32-x64\jre\21.0.8-win32-x86_64\bin\java.dll
Event: 1.417 Loaded shared library c:\Users\admin\.vscode\extensions\redhat.java-1.45.0-win32-x64\jre\21.0.8-win32-x86_64\bin\zip.dll
Event: 1.992 Loaded shared library C:\Users\admin\.vscode\extensions\redhat.java-1.45.0-win32-x64\jre\21.0.8-win32-x86_64\bin\instrument.dll
Event: 2.065 Loaded shared library C:\Users\admin\.vscode\extensions\redhat.java-1.45.0-win32-x64\jre\21.0.8-win32-x86_64\bin\net.dll
Event: 2.070 Loaded shared library C:\Users\admin\.vscode\extensions\redhat.java-1.45.0-win32-x64\jre\21.0.8-win32-x86_64\bin\nio.dll
Event: 2.077 Loaded shared library C:\Users\admin\.vscode\extensions\redhat.java-1.45.0-win32-x64\jre\21.0.8-win32-x86_64\bin\zip.dll
Event: 2.237 Loaded shared library C:\Users\admin\.vscode\extensions\redhat.java-1.45.0-win32-x64\jre\21.0.8-win32-x86_64\bin\jimage.dll
Event: 3.356 Loaded shared library c:\Users\admin\.vscode\extensions\redhat.java-1.45.0-win32-x64\jre\21.0.8-win32-x86_64\bin\verify.dll
Event: 36.583 Loaded shared library C:\Users\admin\AppData\Roaming\Code\User\globalStorage\redhat.java\1.45.0\config_win\org.eclipse.equinox.launcher\org.eclipse.equinox.launcher.win32.win32.x86_64_1.2.1400.v20250801-0854\eclipse_11916.dll
Event: 63.342 Loaded shared library C:\Users\admin\AppData\Local\Temp\jna-92668751\jna701976736808287257.dll

Deoptimization events (20 events):
Event: 219.395 Thread 0x000001cbd077e4c0 Uncommon trap: trap_request=0xfffffff4 fr.pc=0x000001cb88258498 relative=0x00000000000005b8
Event: 219.395 Thread 0x000001cbd077e4c0 Uncommon trap: reason=null_check action=make_not_entrant pc=0x000001cb88258498 method=jdk.nio.zipfs.ZipFileSystem.getInode([B)Ljdk/nio/zipfs/ZipFileSystem$IndexNode; @ 32 c2
Event: 219.395 Thread 0x000001cbd077e4c0 DEOPT PACKING pc=0x000001cb88258498 sp=0x000000a12eafddb0
Event: 219.395 Thread 0x000001cbd077e4c0 DEOPT UNPACKING pc=0x000001cb87586da2 sp=0x000000a12eafdd60 mode 2
Event: 597.545 Thread 0x000001cbd077ca80 Uncommon trap: trap_request=0xffffffbe fr.pc=0x000001cb88254ac0 relative=0x00000000000003e0
Event: 597.546 Thread 0x000001cbd077ca80 Uncommon trap: reason=profile_predicate action=maybe_recompile pc=0x000001cb88254ac0 method=java.util.Arrays.binarySearch0([Ljava/lang/Object;IILjava/lang/Object;)I @ 12 c2
Event: 597.547 Thread 0x000001cbd077ca80 DEOPT PACKING pc=0x000001cb88254ac0 sp=0x000000a12eafd920
Event: 597.551 Thread 0x000001cbd077ca80 DEOPT UNPACKING pc=0x000001cb87586da2 sp=0x000000a12eafd8a0 mode 2
Event: 597.552 Thread 0x000001cbd077ca80 Uncommon trap: trap_request=0xffffffbe fr.pc=0x000001cb88254ac0 relative=0x00000000000003e0
Event: 597.552 Thread 0x000001cbd077ca80 Uncommon trap: reason=profile_predicate action=maybe_recompile pc=0x000001cb88254ac0 method=java.util.Arrays.binarySearch0([Ljava/lang/Object;IILjava/lang/Object;)I @ 12 c2
Event: 597.552 Thread 0x000001cbd077ca80 DEOPT PACKING pc=0x000001cb88254ac0 sp=0x000000a12eafd920
Event: 597.553 Thread 0x000001cbd077ca80 DEOPT UNPACKING pc=0x000001cb87586da2 sp=0x000000a12eafd8a0 mode 2
Event: 597.679 Thread 0x000001cbd077ca80 Uncommon trap: trap_request=0xffffffbe fr.pc=0x000001cb88254ac0 relative=0x00000000000003e0
Event: 597.679 Thread 0x000001cbd077ca80 Uncommon trap: reason=profile_predicate action=maybe_recompile pc=0x000001cb88254ac0 method=java.util.Arrays.binarySearch0([Ljava/lang/Object;IILjava/lang/Object;)I @ 12 c2
Event: 597.679 Thread 0x000001cbd077ca80 DEOPT PACKING pc=0x000001cb88254ac0 sp=0x000000a12eafd920
Event: 597.679 Thread 0x000001cbd077ca80 DEOPT UNPACKING pc=0x000001cb87586da2 sp=0x000000a12eafd8a0 mode 2
Event: 597.679 Thread 0x000001cbd077ca80 Uncommon trap: trap_request=0xffffffbe fr.pc=0x000001cb88254ac0 relative=0x00000000000003e0
Event: 597.679 Thread 0x000001cbd077ca80 Uncommon trap: reason=profile_predicate action=maybe_recompile pc=0x000001cb88254ac0 method=java.util.Arrays.binarySearch0([Ljava/lang/Object;IILjava/lang/Object;)I @ 12 c2
Event: 597.679 Thread 0x000001cbd077ca80 DEOPT PACKING pc=0x000001cb88254ac0 sp=0x000000a12eafd920
Event: 597.679 Thread 0x000001cbd077ca80 DEOPT UNPACKING pc=0x000001cb87586da2 sp=0x000000a12eafd8a0 mode 2

Classes loaded (20 events):
Event: 112.168 Loading class java/lang/UnsupportedClassVersionError
Event: 112.171 Loading class java/lang/UnsupportedClassVersionError done
Event: 213.681 Loading class java/util/stream/DistinctOps
Event: 213.686 Loading class java/util/stream/DistinctOps done
Event: 213.687 Loading class java/util/stream/DistinctOps$1
Event: 213.719 Loading class java/util/stream/DistinctOps$1 done
Event: 214.663 Loading class java/util/stream/DistinctOps$1$2
Event: 214.669 Loading class java/util/stream/DistinctOps$1$2 done
Event: 214.885 Loading class java/util/ImmutableCollections$SubList
Event: 214.912 Loading class java/util/ImmutableCollections$SubList done
Event: 215.774 Loading class java/nio/file/attribute/PosixFileAttributes
Event: 215.776 Loading class java/nio/file/attribute/PosixFileAttributes done
Event: 216.036 Loading class java/nio/file/attribute/PosixFileAttributeView
Event: 216.045 Loading class java/nio/file/attribute/PosixFileAttributeView done
Event: 216.317 Loading class java/nio/file/DirectoryIteratorException
Event: 216.319 Loading class java/nio/file/DirectoryIteratorException done
Event: 218.209 Loading class java/nio/file/FileTreeIterator
Event: 218.215 Loading class java/nio/file/FileTreeIterator done
Event: 218.886 Loading class java/nio/file/Files$2
Event: 218.895 Loading class java/nio/file/Files$2 done

Classes unloaded (7 events):
Event: 64.623 Thread 0x000001cbf0dfd580 Unloading class 0x000001cb901ac800 'java/lang/invoke/LambdaForm$MH+0x000001cb901ac800'
Event: 64.623 Thread 0x000001cbf0dfd580 Unloading class 0x000001cb901ac400 'java/lang/invoke/LambdaForm$MH+0x000001cb901ac400'
Event: 64.623 Thread 0x000001cbf0dfd580 Unloading class 0x000001cb901ac000 'java/lang/invoke/LambdaForm$MH+0x000001cb901ac000'
Event: 64.623 Thread 0x000001cbf0dfd580 Unloading class 0x000001cb901abc00 'java/lang/invoke/LambdaForm$MH+0x000001cb901abc00'
Event: 64.623 Thread 0x000001cbf0dfd580 Unloading class 0x000001cb901ab800 'java/lang/invoke/LambdaForm$BMH+0x000001cb901ab800'
Event: 64.623 Thread 0x000001cbf0dfd580 Unloading class 0x000001cb901ab400 'java/lang/invoke/LambdaForm$DMH+0x000001cb901ab400'
Event: 64.623 Thread 0x000001cbf0dfd580 Unloading class 0x000001cb901aa000 'java/lang/invoke/LambdaForm$DMH+0x000001cb901aa000'

Classes redefined (0 events):
No events

Internal exceptions (20 events):
Event: 102.214 Thread 0x000001cbf9ca1ba0 Exception <a 'sun/nio/fs/WindowsException'{0x00000000d58a5fb8}> (0x00000000d58a5fb8) 
thrown [s\src\hotspot\share\prims\jni.cpp, line 520]
Event: 102.220 Thread 0x000001cbf9ca1ba0 Exception <a 'sun/nio/fs/WindowsException'{0x00000000d58a65e8}> (0x00000000d58a65e8) 
thrown [s\src\hotspot\share\prims\jni.cpp, line 520]
Event: 102.274 Thread 0x000001cbf9ca1ba0 Exception <a 'sun/nio/fs/WindowsException'{0x00000000d58a7f58}> (0x00000000d58a7f58) 
thrown [s\src\hotspot\share\prims\jni.cpp, line 520]
Event: 102.293 Thread 0x000001cbf9ca1ba0 Exception <a 'sun/nio/fs/WindowsException'{0x00000000d58a8588}> (0x00000000d58a8588) 
thrown [s\src\hotspot\share\prims\jni.cpp, line 520]
Event: 102.297 Thread 0x000001cbf9ca1ba0 Exception <a 'sun/nio/fs/WindowsException'{0x00000000d594eb90}> (0x00000000d594eb90) 
thrown [s\src\hotspot\share\prims\jni.cpp, line 520]
Event: 102.297 Thread 0x000001cbf9ca1ba0 Exception <a 'sun/nio/fs/WindowsException'{0x00000000d594f470}> (0x00000000d594f470) 
thrown [s\src\hotspot\share\prims\jni.cpp, line 520]
Event: 102.310 Thread 0x000001cbd176c690 Exception <a 'sun/nio/fs/WindowsException'{0x00000000d5988bb8}> (0x00000000d5988bb8) 
thrown [s\src\hotspot\share\prims\jni.cpp, line 520]
Event: 102.310 Thread 0x000001cbd176c690 Exception <a 'sun/nio/fs/WindowsException'{0x00000000d5989430}> (0x00000000d5989430) 
thrown [s\src\hotspot\share\prims\jni.cpp, line 520]
Event: 103.912 Thread 0x000001cbf9ca1ba0 Exception <a 'sun/nio/fs/WindowsException'{0x00000000d59a3db0}> (0x00000000d59a3db0) 
thrown [s\src\hotspot\share\prims\jni.cpp, line 520]
Event: 103.913 Thread 0x000001cbf9ca1ba0 Exception <a 'sun/nio/fs/WindowsException'{0x00000000d59a43e0}> (0x00000000d59a43e0) 
thrown [s\src\hotspot\share\prims\jni.cpp, line 520]
Event: 105.057 Thread 0x000001cbf9ca1ba0 Exception <a 'java/lang/NoSuchMethodError'{0x00000000d586c020}: 'java.lang.Object java.lang.invoke.DirectMethodHandle$Holder.invokeStatic(java.lang.Object, java.lang.Object, int, java.lang.Object)'> (0x00000000d586c020) 
thrown [s\src\hotspot\share\interpreter\linkResolver.cpp, line 773]
Event: 105.062 Thread 0x000001cbf9ca1ba0 Exception <a 'java/lang/NoSuchMethodError'{0x00000000d5872650}: 'java.lang.Object java.lang.invoke.DirectMethodHandle$Holder.newInvokeSpecial(java.lang.Object, java.lang.Object, int)'> (0x00000000d5872650) 
thrown [s\src\hotspot\share\interpreter\linkResolver.cpp, line 773]
Event: 111.853 Thread 0x000001cbd17684f0 Exception <a 'java/lang/IncompatibleClassChangeError'{0x00000000d5620cf8}: Found class java.lang.Object, but interface was expected> (0x00000000d5620cf8) 
thrown [s\src\hotspot\share\interpreter\linkResolver.cpp, line 840]
Event: 111.886 Thread 0x000001cbd17684f0 Exception <a 'java/lang/IncompatibleClassChangeError'{0x00000000d563cdb8}: Found class java.lang.Object, but interface was expected> (0x00000000d563cdb8) 
thrown [s\src\hotspot\share\interpreter\linkResolver.cpp, line 840]
Event: 112.555 Thread 0x000001cbd17698a0 Exception <a 'java/lang/NoSuchMethodError'{0x00000000d595b3d0}: 'int java.lang.invoke.Invokers$Holder.invokeExact_MT(java.lang.Object, java.lang.Object)'> (0x00000000d595b3d0) 
thrown [s\src\hotspot\share\interpreter\linkResolver.cpp, line 773]
Event: 112.714 Thread 0x000001cbd17698a0 Exception <a 'java/lang/IncompatibleClassChangeError'{0x00000000d5a77ad0}: Found class java.lang.Object, but interface was expected> (0x00000000d5a77ad0) 
thrown [s\src\hotspot\share\interpreter\linkResolver.cpp, line 840]
Event: 115.773 Thread 0x000001cbf9ca1510 Exception <a 'java/lang/NoSuchMethodError'{0x00000000d57e6760}: 'void java.lang.invoke.DirectMethodHandle$Holder.invokeStatic(java.lang.Object, int, java.lang.Object)'> (0x00000000d57e6760) 
thrown [s\src\hotspot\share\interpreter\linkResolver.cpp, line 773]
Event: 144.648 Thread 0x000001cbf9ca35e0 Exception <a 'java/lang/NoSuchMethodError'{0x00000000d588ddf8}: 'java.lang.Object java.lang.invoke.DirectMethodHandle$Holder.invokeStatic(java.lang.Object, java.lang.Object, int, java.lang.Object, java.lang.Object)'> (0x00000000d588ddf8) 
thrown [s\src\hotspot\share\interpreter\linkResolver.cpp, line 773]
Event: 205.178 Thread 0x000001cbd17684f0 Exception <a 'java/lang/IncompatibleClassChangeError'{0x00000000d5a3de08}: Found class java.lang.Object, but interface was expected> (0x00000000d5a3de08) 
thrown [s\src\hotspot\share\interpreter\linkResolver.cpp, line 840]
Event: 206.677 Thread 0x000001cbd176c690 Exception <a 'java/lang/NoSuchMethodError'{0x00000000d5a7c948}: 'java.lang.Object java.lang.invoke.DirectMethodHandle$Holder.invokeSpecial(java.lang.Object, java.lang.Object, java.lang.Object, java.lang.Object, int, java.lang.Object, java.lang.Object)'> (0x00000000d5a7c948) 
thrown [s\src\hotspot\share\interpreter\linkResolver.cpp, line 773]

ZGC Phase Switch (0 events):
No events

VM Operations (20 events):
Event: 1202.898 Executing VM operation: RendezvousGCThreads
Event: 1202.898 Executing VM operation: RendezvousGCThreads done
Event: 1263.123 Executing VM operation: HandshakeAllThreads (HandshakeForDeflation)
Event: 1263.124 Executing VM operation: HandshakeAllThreads (HandshakeForDeflation) done
Event: 1263.125 Executing VM operation: RendezvousGCThreads
Event: 1263.125 Executing VM operation: RendezvousGCThreads done
Event: 1291.308 Executing VM operation: Cleanup
Event: 1291.309 Executing VM operation: Cleanup done
Event: 1323.185 Executing VM operation: HandshakeAllThreads (HandshakeForDeflation)
Event: 1323.186 Executing VM operation: HandshakeAllThreads (HandshakeForDeflation) done
Event: 1323.186 Executing VM operation: RendezvousGCThreads
Event: 1323.186 Executing VM operation: RendezvousGCThreads done
Event: 1383.390 Executing VM operation: HandshakeAllThreads (HandshakeForDeflation)
Event: 1383.391 Executing VM operation: HandshakeAllThreads (HandshakeForDeflation) done
Event: 1383.391 Executing VM operation: RendezvousGCThreads
Event: 1383.391 Executing VM operation: RendezvousGCThreads done
Event: 1443.610 Executing VM operation: HandshakeAllThreads (HandshakeForDeflation)
Event: 1443.613 Executing VM operation: HandshakeAllThreads (HandshakeForDeflation) done
Event: 1443.613 Executing VM operation: RendezvousGCThreads
Event: 1443.613 Executing VM operation: RendezvousGCThreads done

Memory protections (0 events):
No events

Nmethod flushes (20 events):
Event: 84.034 Thread 0x000001cbf0dfd580 flushing  nmethod 0x000001cb80a02010
Event: 84.034 Thread 0x000001cbf0dfd580 flushing  nmethod 0x000001cb80a02590
Event: 84.034 Thread 0x000001cbf0dfd580 flushing  nmethod 0x000001cb80a02b10
Event: 84.034 Thread 0x000001cbf0dfd580 flushing  nmethod 0x000001cb80a02f90
Event: 84.034 Thread 0x000001cbf0dfd580 flushing  nmethod 0x000001cb80a03510
Event: 84.034 Thread 0x000001cbf0dfd580 flushing  nmethod 0x000001cb80a04490
Event: 84.034 Thread 0x000001cbf0dfd580 flushing  nmethod 0x000001cb80a04810
Event: 84.034 Thread 0x000001cbf0dfd580 flushing  nmethod 0x000001cb80a04d10
Event: 84.034 Thread 0x000001cbf0dfd580 flushing  nmethod 0x000001cb80a05210
Event: 84.034 Thread 0x000001cbf0dfd580 flushing  nmethod 0x000001cb80a05810
Event: 84.034 Thread 0x000001cbf0dfd580 flushing  nmethod 0x000001cb80a07510
Event: 84.034 Thread 0x000001cbf0dfd580 flushing  nmethod 0x000001cb80a08290
Event: 84.034 Thread 0x000001cbf0dfd580 flushing  nmethod 0x000001cb80a0c210
Event: 84.034 Thread 0x000001cbf0dfd580 flushing  nmethod 0x000001cb80a10290
Event: 84.034 Thread 0x000001cbf0dfd580 flushing  nmethod 0x000001cb80a1e110
Event: 84.034 Thread 0x000001cbf0dfd580 flushing  nmethod 0x000001cb80a22a90
Event: 84.034 Thread 0x000001cbf0dfd580 flushing  nmethod 0x000001cb80a51490
Event: 84.034 Thread 0x000001cbf0dfd580 flushing  nmethod 0x000001cb80a5ec90
Event: 84.034 Thread 0x000001cbf0dfd580 flushing  nmethod 0x000001cb80a62490
Event: 84.034 Thread 0x000001cbf0dfd580 flushing  nmethod 0x000001cb80a7e490

Events (20 events):
Event: 92.559 Thread 0x000001cbf9ca1ba0 Thread added: 0x000001cbd1767140
Event: 92.560 Thread 0x000001cbf9ca1ba0 Thread added: 0x000001cbd176a5c0
Event: 92.560 Thread 0x000001cbf9ca1ba0 Thread added: 0x000001cbd077d7a0
Event: 92.560 Thread 0x000001cbf9ca1ba0 Thread added: 0x000001cbd077bd60
Event: 92.568 Thread 0x000001cbf9ca1ba0 Thread added: 0x000001cbd0778f70
Event: 99.275 Thread 0x000001cbd176a5c0 Thread exited: 0x000001cbd176a5c0
Event: 99.275 Thread 0x000001cbd077bd60 Thread exited: 0x000001cbd077bd60
Event: 99.275 Thread 0x000001cbd1767140 Thread exited: 0x000001cbd1767140
Event: 99.275 Thread 0x000001cbd0778f70 Thread exited: 0x000001cbd0778f70
Event: 99.300 Thread 0x000001cbd077d7a0 Thread exited: 0x000001cbd077d7a0
Event: 199.741 Thread 0x000001cbf9ca1ba0 Thread exited: 0x000001cbf9ca1ba0
Event: 199.741 Thread 0x000001cbf9ca0e80 Thread exited: 0x000001cbf9ca0e80
Event: 199.741 Thread 0x000001cbf9ca1510 Thread exited: 0x000001cbf9ca1510
Event: 201.461 Thread 0x000001cbd17698a0 Thread exited: 0x000001cbd17698a0
Event: 212.434 Thread 0x000001cbd17684f0 Thread added: 0x000001cbd077e4c0
Event: 280.397 Thread 0x000001cbd077e4c0 Thread exited: 0x000001cbd077e4c0
Event: 340.273 Thread 0x000001cbd176d3b0 Thread exited: 0x000001cbd176d3b0
Event: 400.297 Thread 0x000001cbd176c690 Thread exited: 0x000001cbd176c690
Event: 595.520 Thread 0x000001cbd17684f0 Thread added: 0x000001cbd077ca80
Event: 658.150 Thread 0x000001cbd077ca80 Thread exited: 0x000001cbd077ca80


Dynamic libraries:
0x00007ff678240000 - 0x00007ff67824e000 	c:\Users\admin\.vscode\extensions\redhat.java-1.45.0-win32-x64\jre\21.0.8-win32-x86_64\bin\java.exe
0x00007ff9e42b0000 - 0x00007ff9e44c7000 	C:\WINDOWS\SYSTEM32\ntdll.dll
0x00007ff9e31c0000 - 0x00007ff9e3284000 	C:\WINDOWS\System32\KERNEL32.DLL
0x00007ff9e13a0000 - 0x00007ff9e1772000 	C:\WINDOWS\System32\KERNELBASE.dll
0x00007ff9e1e20000 - 0x00007ff9e1f31000 	C:\WINDOWS\System32\ucrtbase.dll
0x00007ff9dd1d0000 - 0x00007ff9dd1e8000 	c:\Users\admin\.vscode\extensions\redhat.java-1.45.0-win32-x64\jre\21.0.8-win32-x86_64\bin\jli.dll
0x00007ff9e28f0000 - 0x00007ff9e2aa1000 	C:\WINDOWS\System32\USER32.dll
0x00007ff9e1bc0000 - 0x00007ff9e1be6000 	C:\WINDOWS\System32\win32u.dll
0x00007ff9e3290000 - 0x00007ff9e32b9000 	C:\WINDOWS\System32\GDI32.dll
0x00007ff9e1800000 - 0x00007ff9e1923000 	C:\WINDOWS\System32\gdi32full.dll
0x00007ff9e1b20000 - 0x00007ff9e1bba000 	C:\WINDOWS\System32\msvcp_win.dll
0x00007ff9d9d60000 - 0x00007ff9d9d7e000 	c:\Users\admin\.vscode\extensions\redhat.java-1.45.0-win32-x64\jre\21.0.8-win32-x86_64\bin\VCRUNTIME140.dll
0x00007ff9cd080000 - 0x00007ff9cd31b000 	C:\WINDOWS\WinSxS\amd64_microsoft.windows.common-controls_6595b64144ccf1df_6.0.22621.5547_none_27104afb73855772\COMCTL32.dll
0x00007ff9e2010000 - 0x00007ff9e20b7000 	C:\WINDOWS\System32\msvcrt.dll
0x00007ff9e4230000 - 0x00007ff9e4261000 	C:\WINDOWS\System32\IMM32.DLL
0x00007ff9d9bf0000 - 0x00007ff9d9bfc000 	c:\Users\admin\.vscode\extensions\redhat.java-1.45.0-win32-x64\jre\21.0.8-win32-x86_64\bin\vcruntime140_1.dll
0x00007ff9b0ec0000 - 0x00007ff9b0f4d000 	c:\Users\admin\.vscode\extensions\redhat.java-1.45.0-win32-x64\jre\21.0.8-win32-x86_64\bin\msvcp140.dll
0x00007ff95b970000 - 0x00007ff95c707000 	c:\Users\admin\.vscode\extensions\redhat.java-1.45.0-win32-x64\jre\21.0.8-win32-x86_64\bin\server\jvm.dll
0x00007ff9e3100000 - 0x00007ff9e31b1000 	C:\WINDOWS\System32\ADVAPI32.dll
0x00007ff9e4180000 - 0x00007ff9e4228000 	C:\WINDOWS\System32\sechost.dll
0x00007ff9e1930000 - 0x00007ff9e1958000 	C:\WINDOWS\System32\bcrypt.dll
0x00007ff9e2fe0000 - 0x00007ff9e30f4000 	C:\WINDOWS\System32\RPCRT4.dll
0x00007ff9e21a0000 - 0x00007ff9e2211000 	C:\WINDOWS\System32\WS2_32.dll
0x00007ff9e1280000 - 0x00007ff9e12cd000 	C:\WINDOWS\SYSTEM32\POWRPROF.dll
0x00007ff9dd2b0000 - 0x00007ff9dd2e4000 	C:\WINDOWS\SYSTEM32\WINMM.dll
0x00007ff9dc690000 - 0x00007ff9dc69a000 	C:\WINDOWS\SYSTEM32\VERSION.dll
0x00007ff9e1250000 - 0x00007ff9e1263000 	C:\WINDOWS\SYSTEM32\UMPDC.dll
0x00007ff9e0330000 - 0x00007ff9e0348000 	C:\WINDOWS\SYSTEM32\kernel.appcore.dll
0x00007ff9d9ba0000 - 0x00007ff9d9baa000 	c:\Users\admin\.vscode\extensions\redhat.java-1.45.0-win32-x64\jre\21.0.8-win32-x86_64\bin\jimage.dll
0x00007ff9dedb0000 - 0x00007ff9defe3000 	C:\WINDOWS\SYSTEM32\DBGHELP.DLL
0x00007ff9e3d70000 - 0x00007ff9e4103000 	C:\WINDOWS\System32\combase.dll
0x00007ff9e20c0000 - 0x00007ff9e2197000 	C:\WINDOWS\System32\OLEAUT32.dll
0x00007ff9cabc0000 - 0x00007ff9cabf2000 	C:\WINDOWS\SYSTEM32\dbgcore.DLL
0x00007ff9e1960000 - 0x00007ff9e19db000 	C:\WINDOWS\System32\bcryptPrimitives.dll
0x00007ff9cacc0000 - 0x00007ff9caccf000 	c:\Users\admin\.vscode\extensions\redhat.java-1.45.0-win32-x64\jre\21.0.8-win32-x86_64\bin\instrument.dll
0x00007ff9c8990000 - 0x00007ff9c89af000 	c:\Users\admin\.vscode\extensions\redhat.java-1.45.0-win32-x64\jre\21.0.8-win32-x86_64\bin\java.dll
0x00007ff9e3470000 - 0x00007ff9e3d12000 	C:\WINDOWS\System32\SHELL32.dll
0x00007ff9e19e0000 - 0x00007ff9e1b1f000 	C:\WINDOWS\System32\wintypes.dll
0x00007ff9df280000 - 0x00007ff9dfb9d000 	C:\WINDOWS\SYSTEM32\windows.storage.dll
0x00007ff9e2760000 - 0x00007ff9e286c000 	C:\WINDOWS\System32\SHCORE.dll
0x00007ff9e1fa0000 - 0x00007ff9e2009000 	C:\WINDOWS\System32\shlwapi.dll
0x00007ff9e12d0000 - 0x00007ff9e12fb000 	C:\WINDOWS\SYSTEM32\profapi.dll
0x00007ff9c8970000 - 0x00007ff9c8988000 	c:\Users\admin\.vscode\extensions\redhat.java-1.45.0-win32-x64\jre\21.0.8-win32-x86_64\bin\zip.dll
0x00007ff9c75f0000 - 0x00007ff9c7600000 	C:\Users\admin\.vscode\extensions\redhat.java-1.45.0-win32-x64\jre\21.0.8-win32-x86_64\bin\net.dll
0x00007ff9daaf0000 - 0x00007ff9dac1c000 	C:\WINDOWS\SYSTEM32\WINHTTP.dll
0x00007ff9e0800000 - 0x00007ff9e0869000 	C:\WINDOWS\system32\mswsock.dll
0x00007ff9c7220000 - 0x00007ff9c7236000 	C:\Users\admin\.vscode\extensions\redhat.java-1.45.0-win32-x64\jre\21.0.8-win32-x86_64\bin\nio.dll
0x00007ff9c7390000 - 0x00007ff9c73a0000 	c:\Users\admin\.vscode\extensions\redhat.java-1.45.0-win32-x64\jre\21.0.8-win32-x86_64\bin\verify.dll
0x00007ff9c7080000 - 0x00007ff9c70c4000 	C:\Users\admin\AppData\Roaming\Code\User\globalStorage\redhat.java\1.45.0\config_win\org.eclipse.equinox.launcher\org.eclipse.equinox.launcher.win32.win32.x86_64_1.2.1400.v20250801-0854\eclipse_11916.dll
0x00007ff9e2ab0000 - 0x00007ff9e2c50000 	C:\WINDOWS\System32\ole32.dll
0x00007ff9e0a10000 - 0x00007ff9e0a2b000 	C:\WINDOWS\SYSTEM32\CRYPTSP.dll
0x00007ff9e02f0000 - 0x00007ff9e0327000 	C:\WINDOWS\system32\rsaenh.dll
0x00007ff9e08b0000 - 0x00007ff9e08d8000 	C:\WINDOWS\SYSTEM32\USERENV.dll
0x00007ff9e0a30000 - 0x00007ff9e0a3c000 	C:\WINDOWS\SYSTEM32\CRYPTBASE.dll
0x00007ff9dfe00000 - 0x00007ff9dfe2d000 	C:\WINDOWS\SYSTEM32\IPHLPAPI.DLL
0x00007ff9e2fd0000 - 0x00007ff9e2fd9000 	C:\WINDOWS\System32\NSI.dll
0x00007ff9b9bf0000 - 0x00007ff9b9c39000 	C:\Users\admin\AppData\Local\Temp\jna-92668751\jna701976736808287257.dll
0x00007ff9e3d60000 - 0x00007ff9e3d68000 	C:\WINDOWS\System32\PSAPI.DLL
0x00007ff9dacf0000 - 0x00007ff9dad09000 	C:\WINDOWS\SYSTEM32\dhcpcsvc6.DLL
0x00007ff9daa30000 - 0x00007ff9daa4f000 	C:\WINDOWS\SYSTEM32\dhcpcsvc.DLL

JVMTI agents:
c:\Users\admin\.vscode\extensions\redhat.java-1.45.0-win32-x64\lombok\lombok-1.18.39-4050.jar path:c:\Users\admin\.vscode\extensions\redhat.java-1.45.0-win32-x64\jre\21.0.8-win32-x86_64\bin\instrument.dll, loaded, initialized, instrumentlib options:none

dbghelp: loaded successfully - version: 4.0.5 - missing functions: none
symbol engine: initialized successfully - sym options: 0x614 - pdb path: .;c:\Users\admin\.vscode\extensions\redhat.java-1.45.0-win32-x64\jre\21.0.8-win32-x86_64\bin;C:\WINDOWS\SYSTEM32;C:\WINDOWS\WinSxS\amd64_microsoft.windows.common-controls_6595b64144ccf1df_6.0.22621.5547_none_27104afb73855772;c:\Users\admin\.vscode\extensions\redhat.java-1.45.0-win32-x64\jre\21.0.8-win32-x86_64\bin\server;C:\Users\admin\AppData\Roaming\Code\User\globalStorage\redhat.java\1.45.0\config_win\org.eclipse.equinox.launcher\org.eclipse.equinox.launcher.win32.win32.x86_64_1.2.1400.v20250801-0854;C:\Users\admin\AppData\Local\Temp\jna-92668751

VM Arguments:
jvm_args: --add-modules=ALL-SYSTEM --add-opens=java.base/java.util=ALL-UNNAMED --add-opens=java.base/java.lang=ALL-UNNAMED --add-opens=java.base/sun.nio.fs=ALL-UNNAMED -Declipse.application=org.eclipse.jdt.ls.core.id1 -Dosgi.bundles.defaultStartLevel=4 -Declipse.product=org.eclipse.jdt.ls.core.product -Djava.import.generatesMetadataFilesAtProjectRoot=false -DDetectVMInstallationsJob.disabled=true -Dfile.encoding=utf8 -XX:+UseParallelGC -XX:GCTimeRatio=4 -XX:AdaptiveSizePolicyWeight=90 -Dsun.zip.disableMemoryMapping=true -Xmx2G -Xms100m -Xlog:disable -javaagent:c:\Users\admin\.vscode\extensions\redhat.java-1.45.0-win32-x64\lombok\lombok-1.18.39-4050.jar -XX:+HeapDumpOnOutOfMemoryError -XX:HeapDumpPath=c:\Users\admin\AppData\Roaming\Code\User\workspaceStorage\550f6b0b20cf3889ddcd57dbb848c865\redhat.java -Daether.dependencyCollector.impl=bf 
java_command: c:\Users\admin\.vscode\extensions\redhat.java-1.45.0-win32-x64\server\plugins\org.eclipse.equinox.launcher_1.7.0.v20250519-0528.jar -configuration c:\Users\admin\AppData\Roaming\Code\User\globalStorage\redhat.java\1.45.0\config_win -data c:\Users\admin\AppData\Roaming\Code\User\workspaceStorage\550f6b0b20cf3889ddcd57dbb848c865\redhat.java\jdt_ws --pipe=\\.\pipe\lsp-7ab74a7b6649bdcb86b8bf51449c3d34-sock
java_class_path (initial): c:\Users\admin\.vscode\extensions\redhat.java-1.45.0-win32-x64\server\plugins\org.eclipse.equinox.launcher_1.7.0.v20250519-0528.jar
Launcher Type: SUN_STANDARD

[Global flags]
    uintx AdaptiveSizePolicyWeight                 = 90                                        {product} {command line}
     intx CICompilerCount                          = 3                                         {product} {ergonomic}
    uintx GCTimeRatio                              = 4                                         {product} {command line}
     bool HeapDumpOnOutOfMemoryError               = true                                   {manageable} {command line}
    ccstr HeapDumpPath                             = c:\Users\admin\AppData\Roaming\Code\User\workspaceStorage\550f6b0b20cf3889ddcd57dbb848c865\redhat.java         {manageable} {command line}
   size_t InitialHeapSize                          = 104857600                                 {product} {command line}
   size_t MaxHeapSize                              = 2147483648                                {product} {command line}
   size_t MaxNewSize                               = 715653120                                 {product} {ergonomic}
   size_t MinHeapDeltaBytes                        = 524288                                    {product} {ergonomic}
   size_t MinHeapSize                              = 104857600                                 {product} {command line}
   size_t NewSize                                  = 34603008                                  {product} {ergonomic}
    uintx NonNMethodCodeHeapSize                   = 5832780                                {pd product} {ergonomic}
    uintx NonProfiledCodeHeapSize                  = 122912730                              {pd product} {ergonomic}
   size_t OldSize                                  = 70254592                                  {product} {ergonomic}
    uintx ProfiledCodeHeapSize                     = 122912730                              {pd product} {ergonomic}
    uintx ReservedCodeCacheSize                    = 251658240                              {pd product} {ergonomic}
     bool SegmentedCodeCache                       = true                                      {product} {ergonomic}
   size_t SoftMaxHeapSize                          = 2147483648                             {manageable} {ergonomic}
     bool UseCompressedOops                        = true                           {product lp64_product} {ergonomic}
     bool UseLargePagesIndividualAllocation        = false                                  {pd product} {ergonomic}
     bool UseParallelGC                            = true                                      {product} {command line}

Logging:
Log output configuration:
 #0: stdout all=off uptime,level,tags foldmultilines=false
 #1: stderr all=off uptime,level,tags foldmultilines=false

Environment Variables:
JAVA_HOME=C:\Program Files\Java\jdk-24
PATH=C:\Program Files\Common Files\Oracle\Java\javapath;C:\Program Files (x86)\Common Files\Oracle\Java\java8path;C:\Program Files (x86)\Common Files\Oracle\Java\javapath;C:\Python312\Scripts\;C:\Python312\;C:\Windows\system32;C:\Windows;C:\Windows\System32\Wbem;C:\Windows\System32\WindowsPowerShell\v1.0\;C:\Windows\System32\OpenSSH\;C:\Program Files (x86)\GUI Turbo Assembler\BIN;C:\ProgramData\chocolatey\bin;C:\WINDOWS\system32;C:\WINDOWS;C:\WINDOWS\System32\Wbem;C:\WINDOWS\System32\WindowsPowerShell\v1.0\;C:\WINDOWS\System32\OpenSSH\;C:\Program Files\nodejs\;C:\Program Files\Java\jdk-24\bin;C:\Program Files\Git\bin;C:\Program Files\Git\cmd;C:\src\flutter\bin;C:\Program Files\apache-maven-3.9.11\bin;C:\Users\admin\AppData\Roaming\npm;C:\Program Files\MySQL\MySQL Shell 8.0\bin\;C:\Users\admin\AppData\Local\Microsoft\WindowsApps;D:\Microsoft VS Code\bin;C:\Users\admin\AppData\Local\Programs\Python\Python37-32;C:\Users\admin\AppData\Local\Programs\Python\Python37-32\Scripts;C:\Users\admin\AppData\Roaming\Python\Python312\Scripts
USERNAME=admin
OS=Windows_NT
PROCESSOR_IDENTIFIER=Intel64 Family 6 Model 126 Stepping 5, GenuineIntel
TMP=C:\Users\admin\AppData\Local\Temp
TEMP=C:\Users\admin\AppData\Local\Temp




Periodic native trim disabled

---------------  S Y S T E M  ---------------

OS:
 Windows 11 , 64 bit Build 22621 (10.0.22621.5415)
OS uptime: 1 days 8:41 hours
Hyper-V role detected

CPU: total 4 (initial active 4) (2 cores per cpu, 2 threads per core) family 6 model 126 stepping 5 microcode 0xa0, cx8, cmov, fxsr, ht, mmx, 3dnowpref, sse, sse2, sse3, ssse3, sse4.1, sse4.2, popcnt, lzcnt, tsc, tscinvbit, avx, avx2, aes, erms, clmul, bmi1, bmi2, adx, avx512f, avx512dq, avx512cd, avx512bw, avx512vl, sha, fma, vzeroupper, avx512_vpopcntdq, avx512_vpclmulqdq, avx512_vaes, avx512_vnni, clflush, clflushopt, avx512_vbmi2, avx512_vbmi, hv, rdtscp, rdpid, fsrm, gfni, avx512_bitalg, f16c, avx512_ifma
Processor Information for the first 4 processors :
  Max Mhz: 1190, Current Mhz: 1190, Mhz Limit: 1190

Memory: 4k page, system-wide physical 3838M (146M free)
TotalPageFile size 15614M (AvailPageFile size 0M)
current process WorkingSet (physical memory assigned to process): 9M, peak: 238M
current process commit charge ("private bytes"): 398M, peak: 430M

vm_info: OpenJDK 64-Bit Server VM (21.0.8+9-LTS) for windows-amd64 JRE (21.0.8+9-LTS), built on 2025-07-15T00:00:00Z by "admin" with MS VC++ 17.7 (VS2022)

END.
