#
# There is insufficient memory for the Java Runtime Environment to continue.
# Native memory allocation (malloc) failed to allocate 1687680 bytes. Error detail: Chunk::new
# Possible reasons:
#   The system is out of physical RAM or swap space
#   This process is running with CompressedOops enabled, and the Java Heap may be blocking the growth of the native heap
# Possible solutions:
#   Reduce memory load on the system
#   Increase physical memory or swap space
#   Check if swap backing store is full
#   Decrease Java heap size (-Xmx/-Xms)
#   Decrease number of Java threads
#   Decrease Java thread stack sizes (-Xss)
#   Set larger code cache with -XX:ReservedCodeCacheSize=
#   JVM is running with Unscaled Compressed Oops mode in which the Java heap is
#     placed in the first 4GB address space. The Java Heap base address is the
#     maximum limit for the native heap growth. Please use -XX:HeapBaseMinAddress
#     to set the Java Heap base and to place the Java Heap above 4GB virtual address.
# This output file may be truncated or incomplete.
#
#  Out of Memory Error (arena.cpp:168), pid=6136, tid=21724
#
# JRE version: OpenJDK Runtime Environment Temurin-21.0.8+9 (21.0.8+9) (build 21.0.8+9-LTS)
# Java VM: OpenJDK 64-Bit Server VM Temurin-21.0.8+9 (21.0.8+9-LTS, mixed mode, sharing, tiered, compressed oops, compressed class ptrs, parallel gc, windows-amd64)
# No core dump will be written. Minidumps are not enabled by default on client versions of Windows
#

---------------  S U M M A R Y ------------

Command Line: --add-modules=ALL-SYSTEM --add-opens=java.base/java.util=ALL-UNNAMED --add-opens=java.base/java.lang=ALL-UNNAMED --add-opens=java.base/sun.nio.fs=ALL-UNNAMED -Declipse.application=org.eclipse.jdt.ls.core.id1 -Dosgi.bundles.defaultStartLevel=4 -Declipse.product=org.eclipse.jdt.ls.core.product -Djava.import.generatesMetadataFilesAtProjectRoot=false -DDetectVMInstallationsJob.disabled=true -Dfile.encoding=utf8 -XX:+UseParallelGC -XX:GCTimeRatio=4 -XX:AdaptiveSizePolicyWeight=90 -Dsun.zip.disableMemoryMapping=true -Xmx2G -Xms100m -Xlog:disable -javaagent:c:\Users\admin\.vscode\extensions\redhat.java-1.45.0-win32-x64\lombok\lombok-1.18.39-4050.jar -XX:+HeapDumpOnOutOfMemoryError -XX:HeapDumpPath=c:\Users\admin\AppData\Roaming\Code\User\workspaceStorage\550f6b0b20cf3889ddcd57dbb848c865\redhat.java -Daether.dependencyCollector.impl=bf c:\Users\admin\.vscode\extensions\redhat.java-1.45.0-win32-x64\server\plugins\org.eclipse.equinox.launcher_1.7.0.v20250519-0528.jar -configuration c:\Users\admin\AppData\Roaming\Code\User\globalStorage\redhat.java\1.45.0\config_win -data c:\Users\admin\AppData\Roaming\Code\User\workspaceStorage\550f6b0b20cf3889ddcd57dbb848c865\redhat.java\jdt_ws --pipe=\\.\pipe\lsp-2a0d310656a7ce60b3257c0c4395937d-sock

Host: Intel(R) Core(TM) i3-1005G1 CPU @ 1.20GHz, 4 cores, 3G,  Windows 11 , 64 bit Build 22621 (10.0.22621.5415)
Time: Wed Sep 24 09:58:58 2025 India Standard Time elapsed time: 36.153016 seconds (0d 0h 0m 36s)

---------------  T H R E A D  ---------------

Current thread (0x0000018aa85473b0):  JavaThread "C2 CompilerThread0" daemon [_thread_in_native, id=21724, stack(0x000000688d500000,0x000000688d600000) (1024K)]


Current CompileTask:
C2:36153 8725       4       java.lang.invoke.MethodType::makeImpl (109 bytes)

Stack: [0x000000688d500000,0x000000688d600000]
Native frames: (J=compiled Java code, j=interpreted, Vv=VM code, C=native code)
V  [jvm.dll+0x6d2449]
V  [jvm.dll+0x8ae341]
V  [jvm.dll+0x8b08be]
V  [jvm.dll+0x8b0fa3]
V  [jvm.dll+0x280c96]
V  [jvm.dll+0xc581d]
V  [jvm.dll+0xc5d53]
V  [jvm.dll+0x3b919c]
V  [jvm.dll+0x385315]
V  [jvm.dll+0x38477a]
V  [jvm.dll+0x248ed0]
V  [jvm.dll+0x2484af]
V  [jvm.dll+0x1c89ee]
V  [jvm.dll+0x257d4d]
V  [jvm.dll+0x2562ea]
V  [jvm.dll+0x3f2d16]
V  [jvm.dll+0x857e6b]
V  [jvm.dll+0x6d0b0d]
C  [ucrtbase.dll+0x29333]
C  [KERNEL32.DLL+0x1259d]
C  [ntdll.dll+0x5af78]


---------------  P R O C E S S  ---------------

Threads class SMR info:
_java_thread_list=0x0000018af09c3950, length=36, elements={
0x0000018a91b5e690, 0x0000018aa853bfc0, 0x0000018aa853d9b0, 0x0000018aa853fd40,
0x0000018aa8540d40, 0x0000018aa8541f90, 0x0000018aa8544480, 0x0000018aa85473b0,
0x0000018aa85bd1c0, 0x0000018aea260350, 0x0000018aea48bfa0, 0x0000018aea6620f0,
0x0000018aeaa8af10, 0x0000018aeac28de0, 0x0000018aeac29810, 0x0000018aeaaa6510,
0x0000018aef483640, 0x0000018aeaa76e30, 0x0000018aeaa753f0, 0x0000018aeaa74040,
0x0000018aeaa75a80, 0x0000018aeaa76110, 0x0000018aeaa767a0, 0x0000018af0ab5ac0,
0x0000018af0abb010, 0x0000018af0ab95d0, 0x0000018af0abbd30, 0x0000018af0ab88b0,
0x0000018af0abb6a0, 0x0000018af0abc3c0, 0x0000018af0abca50, 0x0000018af0ab9c60,
0x0000018af0abd0e0, 0x0000018af0ab6150, 0x0000018af0ab67e0, 0x0000018af0ab7b90
}

Java Threads: ( => current thread )
  0x0000018a91b5e690 JavaThread "main"                              [_thread_blocked, id=16960, stack(0x000000688cb00000,0x000000688cc00000) (1024K)]
  0x0000018aa853bfc0 JavaThread "Reference Handler"          daemon [_thread_blocked, id=20524, stack(0x000000688cf00000,0x000000688d000000) (1024K)]
  0x0000018aa853d9b0 JavaThread "Finalizer"                  daemon [_thread_blocked, id=17608, stack(0x000000688d000000,0x000000688d100000) (1024K)]
  0x0000018aa853fd40 JavaThread "Signal Dispatcher"          daemon [_thread_blocked, id=3964, stack(0x000000688d100000,0x000000688d200000) (1024K)]
  0x0000018aa8540d40 JavaThread "Attach Listener"            daemon [_thread_blocked, id=15956, stack(0x000000688d200000,0x000000688d300000) (1024K)]
  0x0000018aa8541f90 JavaThread "Service Thread"             daemon [_thread_blocked, id=5800, stack(0x000000688d300000,0x000000688d400000) (1024K)]
  0x0000018aa8544480 JavaThread "Monitor Deflation Thread"   daemon [_thread_blocked, id=15064, stack(0x000000688d400000,0x000000688d500000) (1024K)]
=>0x0000018aa85473b0 JavaThread "C2 CompilerThread0"         daemon [_thread_in_native, id=21724, stack(0x000000688d500000,0x000000688d600000) (1024K)]
  0x0000018aa85bd1c0 JavaThread "C1 CompilerThread0"         daemon [_thread_blocked, id=7040, stack(0x000000688d600000,0x000000688d700000) (1024K)]
  0x0000018aea260350 JavaThread "Common-Cleaner"             daemon [_thread_blocked, id=19476, stack(0x000000688d700000,0x000000688d800000) (1024K)]
  0x0000018aea48bfa0 JavaThread "Notification Thread"        daemon [_thread_blocked, id=1236, stack(0x000000688d800000,0x000000688d900000) (1024K)]
  0x0000018aea6620f0 JavaThread "Active Thread: Equinox Container: 35bdbb20-a204-4e1a-ad8a-868f66be8b40"        [_thread_blocked, id=22368, stack(0x000000688dc00000,0x000000688dd00000) (1024K)]
  0x0000018aeaa8af10 JavaThread "Refresh Thread: Equinox Container: 35bdbb20-a204-4e1a-ad8a-868f66be8b40" daemon [_thread_blocked, id=10764, stack(0x000000688dd00000,0x000000688de00000) (1024K)]
  0x0000018aeac28de0 JavaThread "Framework Event Dispatcher: Equinox Container: 35bdbb20-a204-4e1a-ad8a-868f66be8b40" daemon [_thread_blocked, id=16588, stack(0x000000688de00000,0x000000688df00000) (1024K)]
  0x0000018aeac29810 JavaThread "Start Level: Equinox Container: 35bdbb20-a204-4e1a-ad8a-868f66be8b40" daemon [_thread_blocked, id=4152, stack(0x000000688df00000,0x000000688e000000) (1024K)]
  0x0000018aeaaa6510 JavaThread "Bundle File Closer"         daemon [_thread_blocked, id=21084, stack(0x000000688e000000,0x000000688e100000) (1024K)]
  0x0000018aef483640 JavaThread "SCR Component Actor"        daemon [_thread_blocked, id=17360, stack(0x000000688e100000,0x000000688e200000) (1024K)]
  0x0000018aeaa76e30 JavaThread "Worker-JM"                         [_thread_blocked, id=14688, stack(0x000000688e300000,0x000000688e400000) (1024K)]
  0x0000018aeaa753f0 JavaThread "JNA Cleaner"                daemon [_thread_blocked, id=11416, stack(0x000000688e400000,0x000000688e500000) (1024K)]
  0x0000018aeaa74040 JavaThread "Worker-0: Initialize workspace"        [_thread_blocked, id=3628, stack(0x000000688e500000,0x000000688e600000) (1024K)]
  0x0000018aeaa75a80 JavaThread "Worker-1"                          [_thread_blocked, id=9688, stack(0x000000688e600000,0x000000688e700000) (1024K)]
  0x0000018aeaa76110 JavaThread "Worker-2"                          [_thread_blocked, id=19288, stack(0x000000688e700000,0x000000688e800000) (1024K)]
  0x0000018aeaa767a0 JavaThread "Java indexing"              daemon [_thread_blocked, id=19612, stack(0x000000688e800000,0x000000688e900000) (1024K)]
  0x0000018af0ab5ac0 JavaThread "Worker-3: Publish Diagnostics"        [_thread_blocked, id=10904, stack(0x000000688e900000,0x000000688ea00000) (1024K)]
  0x0000018af0abb010 JavaThread "Worker-4"                          [_thread_blocked, id=6584, stack(0x000000688ea00000,0x000000688eb00000) (1024K)]
  0x0000018af0ab95d0 JavaThread "Thread-2"                   daemon [_thread_in_native, id=13704, stack(0x000000688e200000,0x000000688e300000) (1024K)]
  0x0000018af0abbd30 JavaThread "Thread-3"                   daemon [_thread_in_native, id=19584, stack(0x000000688eb00000,0x000000688ec00000) (1024K)]
  0x0000018af0ab88b0 JavaThread "Thread-4"                   daemon [_thread_in_native, id=17752, stack(0x000000688ec00000,0x000000688ed00000) (1024K)]
  0x0000018af0abb6a0 JavaThread "Thread-5"                   daemon [_thread_in_native, id=11948, stack(0x000000688ed00000,0x000000688ee00000) (1024K)]
  0x0000018af0abc3c0 JavaThread "Thread-6"                   daemon [_thread_in_native, id=21344, stack(0x000000688ee00000,0x000000688ef00000) (1024K)]
  0x0000018af0abca50 JavaThread "pool-2-thread-1"                   [_thread_blocked, id=19152, stack(0x000000688ef00000,0x000000688f000000) (1024K)]
  0x0000018af0ab9c60 JavaThread "WorkspaceEventsHandler"            [_thread_blocked, id=17540, stack(0x000000688f000000,0x000000688f100000) (1024K)]
  0x0000018af0abd0e0 JavaThread "pool-1-thread-1"                   [_thread_blocked, id=19820, stack(0x000000688f100000,0x000000688f200000) (1024K)]
  0x0000018af0ab6150 JavaThread "ForkJoinPool.commonPool-worker-1" daemon [_thread_blocked, id=21676, stack(0x000000688f200000,0x000000688f300000) (1024K)]
  0x0000018af0ab67e0 JavaThread "ForkJoinPool.commonPool-worker-2" daemon [_thread_blocked, id=7240, stack(0x000000688f300000,0x000000688f400000) (1024K)]
  0x0000018af0ab7b90 JavaThread "ForkJoinPool.commonPool-worker-3" daemon [_thread_blocked, id=19332, stack(0x000000688f400000,0x000000688f500000) (1024K)]
Total: 36

Other Threads:
  0x0000018a91c1e760 VMThread "VM Thread"                           [id=19676, stack(0x000000688ce00000,0x000000688cf00000) (1024K)]
  0x0000018a91bc9460 WatcherThread "VM Periodic Task Thread"        [id=14888, stack(0x000000688cd00000,0x000000688ce00000) (1024K)]
  0x0000018a91b7be60 WorkerThread "GC Thread#0"                     [id=22420, stack(0x000000688cc00000,0x000000688cd00000) (1024K)]
  0x0000018aea727770 WorkerThread "GC Thread#1"                     [id=21908, stack(0x000000688d900000,0x000000688da00000) (1024K)]
  0x0000018aea8edf70 WorkerThread "GC Thread#2"                     [id=15756, stack(0x000000688da00000,0x000000688db00000) (1024K)]
  0x0000018aea8ee310 WorkerThread "GC Thread#3"                     [id=2128, stack(0x000000688db00000,0x000000688dc00000) (1024K)]
Total: 6

Threads with active compile tasks:
C2 CompilerThread0  36245 8725       4       java.lang.invoke.MethodType::makeImpl (109 bytes)
C1 CompilerThread0  36245 8812       3       java.util.Collections$SingletonMap::hashCode (16 bytes)
Total: 2

VM state: at safepoint (normal execution)

VM Mutex/Monitor currently owned by a thread:  ([mutex/lock_event])
[0x00007ff961a55458] Threads_lock - owner thread: 0x0000018a91c1e760
[0x00007ff961a55558] Heap_lock - owner thread: 0x0000018aeaa74040

Heap address: 0x0000000080000000, size: 2048 MB, Compressed Oops mode: 32-bit

CDS archive(s) mapped at: [0x0000018aa9000000-0x0000018aa9ba0000-0x0000018aa9ba0000), size 12189696, SharedBaseAddress: 0x0000018aa9000000, ArchiveRelocationMode: 1.
Compressed class space mapped at: 0x0000018aaa000000-0x0000018aea000000, reserved size: 1073741824
Narrow klass base: 0x0000018aa9000000, Narrow klass shift: 0, Narrow klass range: 0x100000000

GC Precious Log:
 CardTable entry size: 512
 CPUs: 4 total, 4 available
 Memory: 3838M
 Large Page Support: Disabled
 NUMA Support: Disabled
 Compressed Oops: Enabled (32-bit)
 Alignments: Space 512K, Generation 512K, Heap 2M
 Heap Min Capacity: 100M
 Heap Initial Capacity: 100M
 Heap Max Capacity: 2G
 Pre-touch: Disabled
 Parallel Workers: 4

Heap:
 PSYoungGen      total 16896K, used 16832K [0x00000000d5580000, 0x00000000d6f80000, 0x0000000100000000)
  eden space 9728K, 100% used [0x00000000d5580000,0x00000000d5f00000,0x00000000d5f00000)
  from space 7168K, 99% used [0x00000000d6880000,0x00000000d6f70000,0x00000000d6f80000)
  to   space 7680K, 64% used [0x00000000d6080000,0x00000000d6550040,0x00000000d6800000)
 ParOldGen       total 147968K, used 147966K [0x0000000080000000, 0x0000000089080000, 0x00000000d5580000)
  object space 147968K, 99% used [0x0000000080000000,0x000000008907fba8,0x0000000089080000)
 Metaspace       used 58209K, committed 59584K, reserved 1114112K
  class space    used 6254K, committed 6848K, reserved 1048576K

Card table byte_map: [0x0000018a91530000,0x0000018a91940000] _byte_map_base: 0x0000018a91130000

Marking Bits: (ParMarkBitMap*) 0x00007ff961a5a340
 Begin Bits: [0x0000018aa4000000, 0x0000018aa6000000)
 End Bits:   [0x0000018aa6000000, 0x0000018aa8000000)

Polling page: 0x0000018a91320000

Metaspace:

Usage:
  Non-class:     50.74 MB used.
      Class:      6.11 MB used.
       Both:     56.84 MB used.

Virtual space:
  Non-class space:       64.00 MB reserved,      51.50 MB ( 80%) committed,  1 nodes.
      Class space:        1.00 GB reserved,       6.69 MB ( <1%) committed,  1 nodes.
             Both:        1.06 GB reserved,      58.19 MB (  5%) committed. 

Chunk freelists:
   Non-Class:  12.38 MB
       Class:  9.17 MB
        Both:  21.55 MB

MaxMetaspaceSize: unlimited
CompressedClassSpaceSize: 1.00 GB
Initial GC threshold: 21.00 MB
Current GC threshold: 58.38 MB
CDS: on
 - commit_granule_bytes: 65536.
 - commit_granule_words: 8192.
 - virtual_space_node_default_size: 8388608.
 - enlarge_chunks_in_place: 1.
 - use_allocation_guard: 0.


Internal statistics:

num_allocs_failed_limit: 6.
num_arena_births: 1082.
num_arena_deaths: 14.
num_vsnodes_births: 2.
num_vsnodes_deaths: 0.
num_space_committed: 931.
num_space_uncommitted: 0.
num_chunks_returned_to_freelist: 20.
num_chunks_taken_from_freelist: 3769.
num_chunk_merges: 10.
num_chunk_splits: 2346.
num_chunks_enlarged: 1328.
num_inconsistent_stats: 0.

CodeHeap 'non-profiled nmethods': size=120000Kb used=4787Kb max_used=4787Kb free=115212Kb
 bounds [0x0000018a9c820000, 0x0000018a9ccd0000, 0x0000018aa3d50000]
CodeHeap 'profiled nmethods': size=120000Kb used=17354Kb max_used=17354Kb free=102645Kb
 bounds [0x0000018a94d50000, 0x0000018a95e50000, 0x0000018a9c280000]
CodeHeap 'non-nmethods': size=5760Kb used=1424Kb max_used=1464Kb free=4335Kb
 bounds [0x0000018a9c280000, 0x0000018a9c4f0000, 0x0000018a9c820000]
CodeCache: size=245760Kb, used=23565Kb, max_used=23605Kb, free=222192Kb
 total_blobs=8915, nmethods=8188, adapters=633, full_count=0
Compilation: enabled, stopped_count=0, restarted_count=0

Compilation events (20 events):
Event: 36.041 Thread 0x0000018aa85bd1c0 8760       3       org.eclipse.jdt.internal.compiler.lookup.PackageBinding::clearMissingTagBit (24 bytes)
Event: 36.042 Thread 0x0000018aa85bd1c0 nmethod 8760 0x0000018a95e2ab10 code [0x0000018a95e2acc0, 0x0000018a95e2ae88]
Event: 36.042 Thread 0x0000018aa85bd1c0 8759       3       org.eclipse.jdt.internal.compiler.lookup.PackageBinding::addPackage (40 bytes)
Event: 36.042 Thread 0x0000018aa85bd1c0 nmethod 8759 0x0000018a95e2af90 code [0x0000018a95e2b160, 0x0000018a95e2b478]
Event: 36.042 Thread 0x0000018aa85bd1c0 8758       1       org.eclipse.jdt.internal.compiler.classfmt.ModuleInfo$ModuleReferenceInfo::isTransitive (5 bytes)
Event: 36.042 Thread 0x0000018aa85bd1c0 nmethod 8758 0x0000018a9ccca990 code [0x0000018a9cccab20, 0x0000018a9cccabf0]
Event: 36.043 Thread 0x0000018aa85bd1c0 8761       3       org.eclipse.jdt.core.compiler.CharOperation::subarray (48 bytes)
Event: 36.043 Thread 0x0000018aa85bd1c0 nmethod 8761 0x0000018a95e2b610 code [0x0000018a95e2b7e0, 0x0000018a95e2bb88]
Event: 36.043 Thread 0x0000018aa85bd1c0 8762       3       org.eclipse.jdt.internal.compiler.lookup.PlainPackageBinding::addPackage (37 bytes)
Event: 36.044 Thread 0x0000018aa85bd1c0 nmethod 8762 0x0000018a95e2bc90 code [0x0000018a95e2be40, 0x0000018a95e2bf90]
Event: 36.044 Thread 0x0000018aa85bd1c0 8763       3       org.eclipse.jdt.internal.compiler.lookup.ModuleBinding::recordExportRestrictions (110 bytes)
Event: 36.045 Thread 0x0000018aa85bd1c0 nmethod 8763 0x0000018a95e2c090 code [0x0000018a95e2c2c0, 0x0000018a95e2cad8]
Event: 36.045 Thread 0x0000018aa85bd1c0 8764       3       org.eclipse.jdt.internal.compiler.util.CharArray::equals (26 bytes)
Event: 36.045 Thread 0x0000018aa85bd1c0 nmethod 8764 0x0000018a95e2ce10 code [0x0000018a95e2cfe0, 0x0000018a95e2d368]
Event: 36.046 Thread 0x0000018aa85bd1c0 8765       3       org.eclipse.jdt.internal.compiler.util.SimpleSetOfCharArray::add (90 bytes)
Event: 36.046 Thread 0x0000018aa85bd1c0 nmethod 8765 0x0000018a95e2d490 code [0x0000018a95e2d6a0, 0x0000018a95e2ddd0]
Event: 36.047 Thread 0x0000018aa85bd1c0 8766       3       org.eclipse.jdt.internal.compiler.util.CharArrayHashMap::put (17 bytes)
Event: 36.047 Thread 0x0000018aa85bd1c0 nmethod 8766 0x0000018a95e2e090 code [0x0000018a95e2e260, 0x0000018a95e2e5d0]
Event: 36.047 Thread 0x0000018aa85bd1c0 8767       3       org.eclipse.jdt.internal.compiler.util.CharArrayMap::get (38 bytes)
Event: 36.047 Thread 0x0000018aa85bd1c0 nmethod 8767 0x0000018a95e2e790 code [0x0000018a95e2e960, 0x0000018a95e2ec38]

GC Heap History (20 events):
Event: 35.403 GC heap before
{Heap before GC invocations=81 (full 2):
 PSYoungGen      total 16384K, used 16192K [0x00000000d5580000, 0x00000000d6800000, 0x0000000100000000)
  eden space 14336K, 100% used [0x00000000d5580000,0x00000000d6380000,0x00000000d6380000)
  from space 2048K, 90% used [0x00000000d6600000,0x00000000d67d0000,0x00000000d6800000)
  to   space 2048K, 0% used [0x00000000d6400000,0x00000000d6400000,0x00000000d6600000)
 ParOldGen       total 117248K, used 116818K [0x0000000080000000, 0x0000000087280000, 0x00000000d5580000)
  object space 117248K, 99% used [0x0000000080000000,0x0000000087214b78,0x0000000087280000)
 Metaspace       used 57614K, committed 59072K, reserved 1114112K
  class space    used 6191K, committed 6784K, reserved 1048576K
}
Event: 35.408 GC heap after
{Heap after GC invocations=81 (full 2):
 PSYoungGen      total 16384K, used 2048K [0x00000000d5580000, 0x00000000d6c80000, 0x0000000100000000)
  eden space 14336K, 0% used [0x00000000d5580000,0x00000000d5580000,0x00000000d6380000)
  from space 2048K, 100% used [0x00000000d6400000,0x00000000d6600000,0x00000000d6600000)
  to   space 4608K, 0% used [0x00000000d6800000,0x00000000d6800000,0x00000000d6c80000)
 ParOldGen       total 119296K, used 118858K [0x0000000080000000, 0x0000000087480000, 0x00000000d5580000)
  object space 119296K, 99% used [0x0000000080000000,0x0000000087412b78,0x0000000087480000)
 Metaspace       used 57614K, committed 59072K, reserved 1114112K
  class space    used 6191K, committed 6784K, reserved 1048576K
}
Event: 35.428 GC heap before
{Heap before GC invocations=82 (full 2):
 PSYoungGen      total 16384K, used 16384K [0x00000000d5580000, 0x00000000d6c80000, 0x0000000100000000)
  eden space 14336K, 100% used [0x00000000d5580000,0x00000000d6380000,0x00000000d6380000)
  from space 2048K, 100% used [0x00000000d6400000,0x00000000d6600000,0x00000000d6600000)
  to   space 4608K, 0% used [0x00000000d6800000,0x00000000d6800000,0x00000000d6c80000)
 ParOldGen       total 119296K, used 118858K [0x0000000080000000, 0x0000000087480000, 0x00000000d5580000)
  object space 119296K, 99% used [0x0000000080000000,0x0000000087412b78,0x0000000087480000)
 Metaspace       used 57614K, committed 59072K, reserved 1114112K
  class space    used 6191K, committed 6784K, reserved 1048576K
}
Event: 35.434 GC heap after
{Heap after GC invocations=82 (full 2):
 PSYoungGen      total 16896K, used 2528K [0x00000000d5580000, 0x00000000d6a80000, 0x0000000100000000)
  eden space 14336K, 0% used [0x00000000d5580000,0x00000000d5580000,0x00000000d6380000)
  from space 2560K, 98% used [0x00000000d6800000,0x00000000d6a78000,0x00000000d6a80000)
  to   space 3584K, 0% used [0x00000000d6380000,0x00000000d6380000,0x00000000d6700000)
 ParOldGen       total 121344K, used 120898K [0x0000000080000000, 0x0000000087680000, 0x00000000d5580000)
  object space 121344K, 99% used [0x0000000080000000,0x0000000087610b78,0x0000000087680000)
 Metaspace       used 57614K, committed 59072K, reserved 1114112K
  class space    used 6191K, committed 6784K, reserved 1048576K
}
Event: 35.486 GC heap before
{Heap before GC invocations=83 (full 2):
 PSYoungGen      total 16896K, used 16864K [0x00000000d5580000, 0x00000000d6a80000, 0x0000000100000000)
  eden space 14336K, 100% used [0x00000000d5580000,0x00000000d6380000,0x00000000d6380000)
  from space 2560K, 98% used [0x00000000d6800000,0x00000000d6a78000,0x00000000d6a80000)
  to   space 3584K, 0% used [0x00000000d6380000,0x00000000d6380000,0x00000000d6700000)
 ParOldGen       total 121344K, used 120898K [0x0000000080000000, 0x0000000087680000, 0x00000000d5580000)
  object space 121344K, 99% used [0x0000000080000000,0x0000000087610b78,0x0000000087680000)
 Metaspace       used 57623K, committed 59072K, reserved 1114112K
  class space    used 6191K, committed 6784K, reserved 1048576K
}
Event: 35.493 GC heap after
{Heap after GC invocations=83 (full 2):
 PSYoungGen      total 17408K, used 2944K [0x00000000d5580000, 0x00000000d6980000, 0x0000000100000000)
  eden space 14336K, 0% used [0x00000000d5580000,0x00000000d5580000,0x00000000d6380000)
  from space 3072K, 95% used [0x00000000d6380000,0x00000000d6660000,0x00000000d6680000)
  to   space 3072K, 0% used [0x00000000d6680000,0x00000000d6680000,0x00000000d6980000)
 ParOldGen       total 123392K, used 123354K [0x0000000080000000, 0x0000000087880000, 0x00000000d5580000)
  object space 123392K, 99% used [0x0000000080000000,0x0000000087876b78,0x0000000087880000)
 Metaspace       used 57623K, committed 59072K, reserved 1114112K
  class space    used 6191K, committed 6784K, reserved 1048576K
}
Event: 35.509 GC heap before
{Heap before GC invocations=84 (full 2):
 PSYoungGen      total 17408K, used 17280K [0x00000000d5580000, 0x00000000d6980000, 0x0000000100000000)
  eden space 14336K, 100% used [0x00000000d5580000,0x00000000d6380000,0x00000000d6380000)
  from space 3072K, 95% used [0x00000000d6380000,0x00000000d6660000,0x00000000d6680000)
  to   space 3072K, 0% used [0x00000000d6680000,0x00000000d6680000,0x00000000d6980000)
 ParOldGen       total 123392K, used 123354K [0x0000000080000000, 0x0000000087880000, 0x00000000d5580000)
  object space 123392K, 99% used [0x0000000080000000,0x0000000087876b78,0x0000000087880000)
 Metaspace       used 57628K, committed 59072K, reserved 1114112K
  class space    used 6191K, committed 6784K, reserved 1048576K
}
Event: 35.515 GC heap after
{Heap after GC invocations=84 (full 2):
 PSYoungGen      total 17408K, used 2976K [0x00000000d5580000, 0x00000000d6980000, 0x0000000100000000)
  eden space 14336K, 0% used [0x00000000d5580000,0x00000000d5580000,0x00000000d6380000)
  from space 3072K, 96% used [0x00000000d6680000,0x00000000d6968000,0x00000000d6980000)
  to   space 3072K, 0% used [0x00000000d6380000,0x00000000d6380000,0x00000000d6680000)
 ParOldGen       total 126464K, used 126274K [0x0000000080000000, 0x0000000087b80000, 0x00000000d5580000)
  object space 126464K, 99% used [0x0000000080000000,0x0000000087b50b78,0x0000000087b80000)
 Metaspace       used 57628K, committed 59072K, reserved 1114112K
  class space    used 6191K, committed 6784K, reserved 1048576K
}
Event: 35.528 GC heap before
{Heap before GC invocations=85 (full 2):
 PSYoungGen      total 17408K, used 17312K [0x00000000d5580000, 0x00000000d6980000, 0x0000000100000000)
  eden space 14336K, 100% used [0x00000000d5580000,0x00000000d6380000,0x00000000d6380000)
  from space 3072K, 96% used [0x00000000d6680000,0x00000000d6968000,0x00000000d6980000)
  to   space 3072K, 0% used [0x00000000d6380000,0x00000000d6380000,0x00000000d6680000)
 ParOldGen       total 126464K, used 126274K [0x0000000080000000, 0x0000000087b80000, 0x00000000d5580000)
  object space 126464K, 99% used [0x0000000080000000,0x0000000087b50b78,0x0000000087b80000)
 Metaspace       used 57628K, committed 59072K, reserved 1114112K
  class space    used 6191K, committed 6784K, reserved 1048576K
}
Event: 35.534 GC heap after
{Heap after GC invocations=85 (full 2):
 PSYoungGen      total 16896K, used 2176K [0x00000000d5580000, 0x00000000d6880000, 0x0000000100000000)
  eden space 14336K, 0% used [0x00000000d5580000,0x00000000d5580000,0x00000000d6380000)
  from space 2560K, 85% used [0x00000000d6380000,0x00000000d65a0000,0x00000000d6600000)
  to   space 2560K, 0% used [0x00000000d6600000,0x00000000d6600000,0x00000000d6880000)
 ParOldGen       total 129536K, used 129234K [0x0000000080000000, 0x0000000087e80000, 0x00000000d5580000)
  object space 129536K, 99% used [0x0000000080000000,0x0000000087e34b78,0x0000000087e80000)
 Metaspace       used 57628K, committed 59072K, reserved 1114112K
  class space    used 6191K, committed 6784K, reserved 1048576K
}
Event: 35.646 GC heap before
{Heap before GC invocations=86 (full 2):
 PSYoungGen      total 16896K, used 16512K [0x00000000d5580000, 0x00000000d6880000, 0x0000000100000000)
  eden space 14336K, 100% used [0x00000000d5580000,0x00000000d6380000,0x00000000d6380000)
  from space 2560K, 85% used [0x00000000d6380000,0x00000000d65a0000,0x00000000d6600000)
  to   space 2560K, 0% used [0x00000000d6600000,0x00000000d6600000,0x00000000d6880000)
 ParOldGen       total 129536K, used 129234K [0x0000000080000000, 0x0000000087e80000, 0x00000000d5580000)
  object space 129536K, 99% used [0x0000000080000000,0x0000000087e34b78,0x0000000087e80000)
 Metaspace       used 57648K, committed 59072K, reserved 1114112K
  class space    used 6193K, committed 6784K, reserved 1048576K
}
Event: 35.652 GC heap after
{Heap after GC invocations=86 (full 2):
 PSYoungGen      total 12288K, used 2528K [0x00000000d5580000, 0x00000000d7180000, 0x0000000100000000)
  eden space 9728K, 0% used [0x00000000d5580000,0x00000000d5580000,0x00000000d5f00000)
  from space 2560K, 98% used [0x00000000d6600000,0x00000000d6878010,0x00000000d6880000)
  to   space 7168K, 0% used [0x00000000d5f00000,0x00000000d5f00000,0x00000000d6600000)
 ParOldGen       total 133120K, used 132778K [0x0000000080000000, 0x0000000088200000, 0x00000000d5580000)
  object space 133120K, 99% used [0x0000000080000000,0x00000000881aab88,0x0000000088200000)
 Metaspace       used 57648K, committed 59072K, reserved 1114112K
  class space    used 6193K, committed 6784K, reserved 1048576K
}
Event: 35.660 GC heap before
{Heap before GC invocations=87 (full 2):
 PSYoungGen      total 12288K, used 12256K [0x00000000d5580000, 0x00000000d7180000, 0x0000000100000000)
  eden space 9728K, 100% used [0x00000000d5580000,0x00000000d5f00000,0x00000000d5f00000)
  from space 2560K, 98% used [0x00000000d6600000,0x00000000d6878010,0x00000000d6880000)
  to   space 7168K, 0% used [0x00000000d5f00000,0x00000000d5f00000,0x00000000d6600000)
 ParOldGen       total 133120K, used 132778K [0x0000000080000000, 0x0000000088200000, 0x00000000d5580000)
  object space 133120K, 99% used [0x0000000080000000,0x00000000881aab88,0x0000000088200000)
 Metaspace       used 57648K, committed 59072K, reserved 1114112K
  class space    used 6193K, committed 6784K, reserved 1048576K
}
Event: 35.664 GC heap after
{Heap after GC invocations=87 (full 2):
 PSYoungGen      total 11264K, used 1376K [0x00000000d5580000, 0x00000000d6680000, 0x0000000100000000)
  eden space 9728K, 0% used [0x00000000d5580000,0x00000000d5580000,0x00000000d5f00000)
  from space 1536K, 89% used [0x00000000d5f00000,0x00000000d6058000,0x00000000d6080000)
  to   space 3584K, 0% used [0x00000000d6300000,0x00000000d6300000,0x00000000d6680000)
 ParOldGen       total 135680K, used 135314K [0x0000000080000000, 0x0000000088480000, 0x00000000d5580000)
  object space 135680K, 99% used [0x0000000080000000,0x0000000088424b98,0x0000000088480000)
 Metaspace       used 57648K, committed 59072K, reserved 1114112K
  class space    used 6193K, committed 6784K, reserved 1048576K
}
Event: 35.702 GC heap before
{Heap before GC invocations=88 (full 2):
 PSYoungGen      total 11264K, used 11099K [0x00000000d5580000, 0x00000000d6680000, 0x0000000100000000)
  eden space 9728K, 99% used [0x00000000d5580000,0x00000000d5efefc8,0x00000000d5f00000)
  from space 1536K, 89% used [0x00000000d5f00000,0x00000000d6058000,0x00000000d6080000)
  to   space 3584K, 0% used [0x00000000d6300000,0x00000000d6300000,0x00000000d6680000)
 ParOldGen       total 135680K, used 135314K [0x0000000080000000, 0x0000000088480000, 0x00000000d5580000)
  object space 135680K, 99% used [0x0000000080000000,0x0000000088424b98,0x0000000088480000)
 Metaspace       used 57771K, committed 59200K, reserved 1114112K
  class space    used 6203K, committed 6784K, reserved 1048576K
}
Event: 35.704 GC heap after
{Heap after GC invocations=88 (full 2):
 PSYoungGen      total 11776K, used 1919K [0x00000000d5580000, 0x00000000d6500000, 0x0000000100000000)
  eden space 9728K, 0% used [0x00000000d5580000,0x00000000d5580000,0x00000000d5f00000)
  from space 2048K, 93% used [0x00000000d6300000,0x00000000d64dfe48,0x00000000d6500000)
  to   space 2560K, 0% used [0x00000000d6000000,0x00000000d6000000,0x00000000d6280000)
 ParOldGen       total 136704K, used 136522K [0x0000000080000000, 0x0000000088580000, 0x00000000d5580000)
  object space 136704K, 99% used [0x0000000080000000,0x0000000088552b98,0x0000000088580000)
 Metaspace       used 57771K, committed 59200K, reserved 1114112K
  class space    used 6203K, committed 6784K, reserved 1048576K
}
Event: 35.749 GC heap before
{Heap before GC invocations=89 (full 2):
 PSYoungGen      total 11776K, used 11647K [0x00000000d5580000, 0x00000000d6500000, 0x0000000100000000)
  eden space 9728K, 100% used [0x00000000d5580000,0x00000000d5f00000,0x00000000d5f00000)
  from space 2048K, 93% used [0x00000000d6300000,0x00000000d64dfe48,0x00000000d6500000)
  to   space 2560K, 0% used [0x00000000d6000000,0x00000000d6000000,0x00000000d6280000)
 ParOldGen       total 136704K, used 136522K [0x0000000080000000, 0x0000000088580000, 0x00000000d5580000)
  object space 136704K, 99% used [0x0000000080000000,0x0000000088552b98,0x0000000088580000)
 Metaspace       used 57875K, committed 59264K, reserved 1114112K
  class space    used 6206K, committed 6784K, reserved 1048576K
}
Event: 35.758 GC heap after
{Heap after GC invocations=89 (full 2):
 PSYoungGen      total 12288K, used 2560K [0x00000000d5580000, 0x00000000d7200000, 0x0000000100000000)
  eden space 9728K, 0% used [0x00000000d5580000,0x00000000d5580000,0x00000000d5f00000)
  from space 2560K, 100% used [0x00000000d6000000,0x00000000d6280000,0x00000000d6280000)
  to   space 9728K, 0% used [0x00000000d6880000,0x00000000d6880000,0x00000000d7200000)
 ParOldGen       total 142848K, used 142514K [0x0000000080000000, 0x0000000088b80000, 0x00000000d5580000)
  object space 142848K, 99% used [0x0000000080000000,0x0000000088b2cb98,0x0000000088b80000)
 Metaspace       used 57875K, committed 59264K, reserved 1114112K
  class space    used 6206K, committed 6784K, reserved 1048576K
}
Event: 35.801 GC heap before
{Heap before GC invocations=90 (full 2):
 PSYoungGen      total 12288K, used 12288K [0x00000000d5580000, 0x00000000d7200000, 0x0000000100000000)
  eden space 9728K, 100% used [0x00000000d5580000,0x00000000d5f00000,0x00000000d5f00000)
  from space 2560K, 100% used [0x00000000d6000000,0x00000000d6280000,0x00000000d6280000)
  to   space 9728K, 0% used [0x00000000d6880000,0x00000000d6880000,0x00000000d7200000)
 ParOldGen       total 142848K, used 142514K [0x0000000080000000, 0x0000000088b80000, 0x00000000d5580000)
  object space 142848K, 99% used [0x0000000080000000,0x0000000088b2cb98,0x0000000088b80000)
 Metaspace       used 57895K, committed 59328K, reserved 1114112K
  class space    used 6211K, committed 6784K, reserved 1048576K
}
Event: 35.811 GC heap after
{Heap after GC invocations=90 (full 2):
 PSYoungGen      total 16896K, used 7104K [0x00000000d5580000, 0x00000000d6f80000, 0x0000000100000000)
  eden space 9728K, 0% used [0x00000000d5580000,0x00000000d5580000,0x00000000d5f00000)
  from space 7168K, 99% used [0x00000000d6880000,0x00000000d6f70000,0x00000000d6f80000)
  to   space 7680K, 0% used [0x00000000d6080000,0x00000000d6080000,0x00000000d6800000)
 ParOldGen       total 145408K, used 145066K [0x0000000080000000, 0x0000000088e00000, 0x00000000d5580000)
  object space 145408K, 99% used [0x0000000080000000,0x0000000088daab98,0x0000000088e00000)
 Metaspace       used 57895K, committed 59328K, reserved 1114112K
  class space    used 6211K, committed 6784K, reserved 1048576K
}

Dll operation events (10 events):
Event: 0.031 Loaded shared library c:\Users\admin\.vscode\extensions\redhat.java-1.45.0-win32-x64\jre\21.0.8-win32-x86_64\bin\java.dll
Event: 0.556 Loaded shared library c:\Users\admin\.vscode\extensions\redhat.java-1.45.0-win32-x64\jre\21.0.8-win32-x86_64\bin\zip.dll
Event: 0.637 Loaded shared library C:\Users\admin\.vscode\extensions\redhat.java-1.45.0-win32-x64\jre\21.0.8-win32-x86_64\bin\instrument.dll
Event: 0.646 Loaded shared library C:\Users\admin\.vscode\extensions\redhat.java-1.45.0-win32-x64\jre\21.0.8-win32-x86_64\bin\net.dll
Event: 0.654 Loaded shared library C:\Users\admin\.vscode\extensions\redhat.java-1.45.0-win32-x64\jre\21.0.8-win32-x86_64\bin\nio.dll
Event: 0.659 Loaded shared library C:\Users\admin\.vscode\extensions\redhat.java-1.45.0-win32-x64\jre\21.0.8-win32-x86_64\bin\zip.dll
Event: 0.714 Loaded shared library C:\Users\admin\.vscode\extensions\redhat.java-1.45.0-win32-x64\jre\21.0.8-win32-x86_64\bin\jimage.dll
Event: 1.467 Loaded shared library c:\Users\admin\.vscode\extensions\redhat.java-1.45.0-win32-x64\jre\21.0.8-win32-x86_64\bin\verify.dll
Event: 6.346 Loaded shared library C:\Users\admin\AppData\Roaming\Code\User\globalStorage\redhat.java\1.45.0\config_win\org.eclipse.equinox.launcher\org.eclipse.equinox.launcher.win32.win32.x86_64_1.2.1400.v20250801-0854\eclipse_11916.dll
Event: 14.642 Loaded shared library C:\Users\admin\AppData\Local\Temp\jna-92668751\jna6692670603105165176.dll

Deoptimization events (20 events):
Event: 35.860 Thread 0x0000018af0ab5ac0 Uncommon trap: trap_request=0xffffff45 fr.pc=0x0000018a9cb087ec relative=0x000000000000022c
Event: 35.860 Thread 0x0000018af0ab5ac0 Uncommon trap: reason=unstable_if action=reinterpret pc=0x0000018a9cb087ec method=java.util.Arrays.hashCode([C)I @ 8 c2
Event: 35.860 Thread 0x0000018af0ab5ac0 DEOPT PACKING pc=0x0000018a9cb087ec sp=0x000000688e9fe980
Event: 35.860 Thread 0x0000018af0ab5ac0 DEOPT UNPACKING pc=0x0000018a9c2d6da2 sp=0x000000688e9fe920 mode 2
Event: 35.860 Thread 0x0000018af0ab5ac0 Uncommon trap: trap_request=0xffffffde fr.pc=0x0000018a9c9e784c relative=0x00000000000000ac
Event: 35.860 Thread 0x0000018af0ab5ac0 Uncommon trap: reason=class_check action=maybe_recompile pc=0x0000018a9c9e784c method=jdk.internal.util.StrongReferenceKey.equals(Ljava/lang/Object;)Z @ 1 c2
Event: 35.860 Thread 0x0000018af0ab5ac0 DEOPT PACKING pc=0x0000018a9c9e784c sp=0x000000688e9fd5b0
Event: 35.860 Thread 0x0000018af0ab5ac0 DEOPT UNPACKING pc=0x0000018a9c2d6da2 sp=0x000000688e9fd538 mode 2
Event: 35.861 Thread 0x0000018af0ab6150 Uncommon trap: trap_request=0xffffffde fr.pc=0x0000018a9c9e784c relative=0x00000000000000ac
Event: 35.861 Thread 0x0000018af0ab6150 Uncommon trap: reason=class_check action=maybe_recompile pc=0x0000018a9c9e784c method=jdk.internal.util.StrongReferenceKey.equals(Ljava/lang/Object;)Z @ 1 c2
Event: 35.862 Thread 0x0000018af0ab6150 DEOPT PACKING pc=0x0000018a9c9e784c sp=0x000000688f2fcc90
Event: 35.862 Thread 0x0000018af0ab6150 DEOPT UNPACKING pc=0x0000018a9c2d6da2 sp=0x000000688f2fcc18 mode 2
Event: 35.896 Thread 0x0000018af0ab5ac0 Uncommon trap: trap_request=0xffffff45 fr.pc=0x0000018a9cc696b4 relative=0x0000000000000214
Event: 35.896 Thread 0x0000018af0ab5ac0 Uncommon trap: reason=unstable_if action=reinterpret pc=0x0000018a9cc696b4 method=jdk.internal.util.ArraysSupport.mismatch([C[CI)I @ 59 c2
Event: 35.896 Thread 0x0000018af0ab5ac0 DEOPT PACKING pc=0x0000018a9cc696b4 sp=0x000000688e9fe380
Event: 35.896 Thread 0x0000018af0ab5ac0 DEOPT UNPACKING pc=0x0000018a9c2d6da2 sp=0x000000688e9fe2c8 mode 2
Event: 36.022 Thread 0x0000018af0ab6150 Uncommon trap: trap_request=0xffffffde fr.pc=0x0000018a9c9e784c relative=0x00000000000000ac
Event: 36.022 Thread 0x0000018af0ab6150 Uncommon trap: reason=class_check action=maybe_recompile pc=0x0000018a9c9e784c method=jdk.internal.util.StrongReferenceKey.equals(Ljava/lang/Object;)Z @ 1 c2
Event: 36.022 Thread 0x0000018af0ab6150 DEOPT PACKING pc=0x0000018a9c9e784c sp=0x000000688f2fc700
Event: 36.022 Thread 0x0000018af0ab6150 DEOPT UNPACKING pc=0x0000018a9c2d6da2 sp=0x000000688f2fc688 mode 2

Classes loaded (20 events):
Event: 34.780 Loading class com/sun/crypto/provider/SymmetricCipher done
Event: 34.780 Loading class com/sun/crypto/provider/AESCrypt done
Event: 34.780 Loading class com/sun/crypto/provider/ElectronicCodeBook
Event: 34.793 Loading class com/sun/crypto/provider/FeedbackCipher
Event: 34.793 Loading class com/sun/crypto/provider/FeedbackCipher done
Event: 34.793 Loading class com/sun/crypto/provider/ElectronicCodeBook done
Event: 34.793 Loading class com/sun/crypto/provider/PKCS5Padding
Event: 34.797 Loading class com/sun/crypto/provider/Padding
Event: 34.885 Loading class com/sun/crypto/provider/Padding done
Event: 34.885 Loading class com/sun/crypto/provider/PKCS5Padding done
Event: 34.885 Loading class com/sun/crypto/provider/CipherBlockChaining
Event: 34.885 Loading class com/sun/crypto/provider/CipherBlockChaining done
Event: 34.886 Loading class javax/crypto/NullCipher
Event: 34.886 Loading class javax/crypto/NullCipher done
Event: 34.886 Loading class sun/security/util/ArrayUtil
Event: 34.893 Loading class sun/security/util/ArrayUtil done
Event: 35.054 Loading class java/util/zip/CheckedInputStream
Event: 35.096 Loading class java/util/zip/CheckedInputStream done
Event: 35.214 Loading class java/util/zip/GZIPInputStream$1
Event: 35.215 Loading class java/util/zip/GZIPInputStream$1 done

Classes unloaded (7 events):
Event: 17.115 Thread 0x0000018a91c1e760 Unloading class 0x0000018aaa1aa800 'java/lang/invoke/LambdaForm$MH+0x0000018aaa1aa800'
Event: 17.115 Thread 0x0000018a91c1e760 Unloading class 0x0000018aaa1aa400 'java/lang/invoke/LambdaForm$MH+0x0000018aaa1aa400'
Event: 17.115 Thread 0x0000018a91c1e760 Unloading class 0x0000018aaa1aa000 'java/lang/invoke/LambdaForm$MH+0x0000018aaa1aa000'
Event: 17.115 Thread 0x0000018a91c1e760 Unloading class 0x0000018aaa1a9c00 'java/lang/invoke/LambdaForm$MH+0x0000018aaa1a9c00'
Event: 17.115 Thread 0x0000018a91c1e760 Unloading class 0x0000018aaa1a9800 'java/lang/invoke/LambdaForm$BMH+0x0000018aaa1a9800'
Event: 17.115 Thread 0x0000018a91c1e760 Unloading class 0x0000018aaa1a9400 'java/lang/invoke/LambdaForm$DMH+0x0000018aaa1a9400'
Event: 17.115 Thread 0x0000018a91c1e760 Unloading class 0x0000018aaa1a8000 'java/lang/invoke/LambdaForm$DMH+0x0000018aaa1a8000'

Classes redefined (0 events):
No events

Internal exceptions (20 events):
Event: 30.848 Thread 0x0000018af0abd0e0 Exception <a 'java/lang/IncompatibleClassChangeError'{0x00000000d57b5d60}: Found class java.lang.Object, but interface was expected> (0x00000000d57b5d60) 
thrown [s\src\hotspot\share\interpreter\linkResolver.cpp, line 840]
Event: 30.915 Thread 0x0000018aeaa74040 Exception <a 'sun/nio/fs/WindowsException'{0x00000000d593d1e8}> (0x00000000d593d1e8) 
thrown [s\src\hotspot\share\prims\jni.cpp, line 520]
Event: 30.915 Thread 0x0000018aeaa74040 Exception <a 'sun/nio/fs/WindowsException'{0x00000000d593d818}> (0x00000000d593d818) 
thrown [s\src\hotspot\share\prims\jni.cpp, line 520]
Event: 30.919 Thread 0x0000018aeaa74040 Exception <a 'sun/nio/fs/WindowsException'{0x00000000d5996da0}> (0x00000000d5996da0) 
thrown [s\src\hotspot\share\prims\jni.cpp, line 520]
Event: 30.919 Thread 0x0000018aeaa74040 Exception <a 'sun/nio/fs/WindowsException'{0x00000000d59973d0}> (0x00000000d59973d0) 
thrown [s\src\hotspot\share\prims\jni.cpp, line 520]
Event: 30.931 Thread 0x0000018aeaa74040 Exception <a 'java/io/FileNotFoundException'{0x00000000d59d3188}> (0x00000000d59d3188) 
thrown [s\src\hotspot\share\prims\jni.cpp, line 520]
Event: 30.932 Thread 0x0000018aeaa74040 Exception <a 'java/io/FileNotFoundException'{0x00000000d59d3f08}> (0x00000000d59d3f08) 
thrown [s\src\hotspot\share\prims\jni.cpp, line 520]
Event: 30.941 Thread 0x0000018aeaa74040 Exception <a 'sun/nio/fs/WindowsException'{0x00000000d5a11ca0}> (0x00000000d5a11ca0) 
thrown [s\src\hotspot\share\prims\jni.cpp, line 520]
Event: 30.941 Thread 0x0000018aeaa74040 Exception <a 'sun/nio/fs/WindowsException'{0x00000000d5a122d0}> (0x00000000d5a122d0) 
thrown [s\src\hotspot\share\prims\jni.cpp, line 520]
Event: 31.087 Thread 0x0000018af0abd0e0 Exception <a 'java/lang/IncompatibleClassChangeError'{0x00000000d5de0f90}: Found class java.lang.Object, but interface was expected> (0x00000000d5de0f90) 
thrown [s\src\hotspot\share\interpreter\linkResolver.cpp, line 840]
Event: 31.089 Thread 0x0000018af0abd0e0 Exception <a 'java/lang/IncompatibleClassChangeError'{0x00000000d5dead00}: Found class java.lang.Object, but interface was expected> (0x00000000d5dead00) 
thrown [s\src\hotspot\share\interpreter\linkResolver.cpp, line 840]
Event: 31.246 Thread 0x0000018af0ab5ac0 Exception <a 'java/lang/NoSuchMethodError'{0x00000000d6033558}: 'java.lang.Object java.lang.invoke.DirectMethodHandle$Holder.invokeSpecial(java.lang.Object, java.lang.Object, int, long)'> (0x00000000d6033558) 
thrown [s\src\hotspot\share\interpreter\linkResolver.cpp, line 773]
Event: 31.443 Thread 0x0000018af0ab6150 Exception <a 'java/lang/NoSuchMethodError'{0x00000000d57bff20}: 'int java.lang.invoke.Invokers$Holder.invokeExact_MT(java.lang.Object, java.lang.Object)'> (0x00000000d57bff20) 
thrown [s\src\hotspot\share\interpreter\linkResolver.cpp, line 773]
Event: 31.560 Thread 0x0000018aeaa74040 Exception <a 'java/lang/NoSuchMethodError'{0x00000000d5c24070}: 'void java.lang.invoke.DirectMethodHandle$Holder.invokeStatic(java.lang.Object, java.lang.Object, java.lang.Object, int)'> (0x00000000d5c24070) 
thrown [s\src\hotspot\share\interpreter\linkResolver.cpp, line 773]
Event: 31.580 Thread 0x0000018aeaa74040 Exception <a 'java/lang/NoSuchMethodError'{0x00000000d5ca0ca8}: 'void java.lang.invoke.DirectMethodHandle$Holder.invokeVirtual(java.lang.Object, java.lang.Object, int)'> (0x00000000d5ca0ca8) 
thrown [s\src\hotspot\share\interpreter\linkResolver.cpp, line 773]
Event: 31.986 Thread 0x0000018af0ab6150 Implicit null exception at 0x0000018a9cb40c21 to 0x0000018a9cb40f34
Event: 32.545 Thread 0x0000018af0ab6150 Implicit null exception at 0x0000018a9cc116d0 to 0x0000018a9cc17450
Event: 32.551 Thread 0x0000018af0ab6150 Implicit null exception at 0x0000018a9cb6d306 to 0x0000018a9cb6d431
Event: 34.607 Thread 0x0000018af0ab7500 Exception <a 'sun/nio/fs/WindowsException'{0x00000000d55fb408}> (0x00000000d55fb408) 
thrown [s\src\hotspot\share\prims\jni.cpp, line 520]
Event: 34.853 Thread 0x0000018af0ab6150 Exception <a 'java/lang/IncompatibleClassChangeError'{0x00000000d5b6f580}: Found class java.lang.Object, but interface was expected> (0x00000000d5b6f580) 
thrown [s\src\hotspot\share\interpreter\linkResolver.cpp, line 840]

ZGC Phase Switch (0 events):
No events

VM Operations (20 events):
Event: 35.403 Executing VM operation: ParallelGCFailedAllocation (Allocation Failure)
Event: 35.408 Executing VM operation: ParallelGCFailedAllocation (Allocation Failure) done
Event: 35.428 Executing VM operation: ParallelGCFailedAllocation (Allocation Failure)
Event: 35.435 Executing VM operation: ParallelGCFailedAllocation (Allocation Failure) done
Event: 35.486 Executing VM operation: ParallelGCFailedAllocation (Allocation Failure)
Event: 35.493 Executing VM operation: ParallelGCFailedAllocation (Allocation Failure) done
Event: 35.509 Executing VM operation: ParallelGCFailedAllocation (Allocation Failure)
Event: 35.515 Executing VM operation: ParallelGCFailedAllocation (Allocation Failure) done
Event: 35.528 Executing VM operation: ParallelGCFailedAllocation (Allocation Failure)
Event: 35.535 Executing VM operation: ParallelGCFailedAllocation (Allocation Failure) done
Event: 35.646 Executing VM operation: ParallelGCFailedAllocation (Allocation Failure)
Event: 35.652 Executing VM operation: ParallelGCFailedAllocation (Allocation Failure) done
Event: 35.660 Executing VM operation: ParallelGCFailedAllocation (Allocation Failure)
Event: 35.664 Executing VM operation: ParallelGCFailedAllocation (Allocation Failure) done
Event: 35.694 Executing VM operation: ParallelGCFailedAllocation (Allocation Failure)
Event: 35.704 Executing VM operation: ParallelGCFailedAllocation (Allocation Failure) done
Event: 35.731 Executing VM operation: ParallelGCFailedAllocation (Allocation Failure)
Event: 35.758 Executing VM operation: ParallelGCFailedAllocation (Allocation Failure) done
Event: 35.801 Executing VM operation: ParallelGCFailedAllocation (Allocation Failure)
Event: 35.811 Executing VM operation: ParallelGCFailedAllocation (Allocation Failure) done

Memory protections (0 events):
No events

Nmethod flushes (20 events):
Event: 22.381 Thread 0x0000018a91c1e760 flushing  nmethod 0x0000018a95404990
Event: 22.381 Thread 0x0000018a91c1e760 flushing  nmethod 0x0000018a95405290
Event: 22.381 Thread 0x0000018a91c1e760 flushing  nmethod 0x0000018a95406490
Event: 22.381 Thread 0x0000018a91c1e760 flushing  nmethod 0x0000018a95407090
Event: 22.381 Thread 0x0000018a91c1e760 flushing  nmethod 0x0000018a95408d90
Event: 22.381 Thread 0x0000018a91c1e760 flushing  nmethod 0x0000018a95409690
Event: 22.381 Thread 0x0000018a91c1e760 flushing  nmethod 0x0000018a9540ab90
Event: 22.381 Thread 0x0000018a91c1e760 flushing  nmethod 0x0000018a9540b010
Event: 22.381 Thread 0x0000018a91c1e760 flushing  nmethod 0x0000018a9540bf90
Event: 22.381 Thread 0x0000018a91c1e760 flushing  nmethod 0x0000018a95416410
Event: 22.381 Thread 0x0000018a91c1e760 flushing  nmethod 0x0000018a95461690
Event: 22.381 Thread 0x0000018a91c1e760 flushing  nmethod 0x0000018a95466910
Event: 22.381 Thread 0x0000018a91c1e760 flushing  nmethod 0x0000018a9546e990
Event: 22.381 Thread 0x0000018a91c1e760 flushing  nmethod 0x0000018a954b6010
Event: 22.381 Thread 0x0000018a91c1e760 flushing  nmethod 0x0000018a954eb410
Event: 22.381 Thread 0x0000018a91c1e760 flushing  nmethod 0x0000018a954fc190
Event: 22.381 Thread 0x0000018a91c1e760 flushing  nmethod 0x0000018a95525e10
Event: 22.381 Thread 0x0000018a91c1e760 flushing  nmethod 0x0000018a95537690
Event: 22.381 Thread 0x0000018a91c1e760 flushing  nmethod 0x0000018a95537b10
Event: 22.381 Thread 0x0000018a91c1e760 flushing  nmethod 0x0000018a95556710

Events (20 events):
Event: 14.807 Thread 0x0000018aeac29810 Thread added: 0x0000018aeaa75a80
Event: 19.205 Thread 0x0000018aeaa74040 Thread added: 0x0000018aeaa76110
Event: 21.213 Thread 0x0000018aeac29810 Thread added: 0x0000018aeaa767a0
Event: 22.596 Thread 0x0000018aeaa76110 Thread added: 0x0000018af0ab5ac0
Event: 22.743 Thread 0x0000018af0ab5ac0 Thread added: 0x0000018af0abb010
Event: 22.837 Thread 0x0000018aeaa746d0 Thread exited: 0x0000018aeaa746d0
Event: 23.194 Thread 0x0000018a91b5e690 Thread added: 0x0000018af0ab95d0
Event: 23.279 Thread 0x0000018a91b5e690 Thread added: 0x0000018af0abbd30
Event: 23.280 Thread 0x0000018a91b5e690 Thread added: 0x0000018af0ab88b0
Event: 23.280 Thread 0x0000018a91b5e690 Thread added: 0x0000018af0abb6a0
Event: 23.281 Thread 0x0000018a91b5e690 Thread added: 0x0000018af0abc3c0
Event: 23.328 Thread 0x0000018a91b5e690 Thread added: 0x0000018af0abca50
Event: 23.769 Thread 0x0000018a91b5e690 Thread added: 0x0000018af0ab9c60
Event: 23.770 Thread 0x0000018a91b5e690 Thread added: 0x0000018af0abd0e0
Event: 25.642 Thread 0x0000018aeaa74040 Thread added: 0x0000018af0ab6150
Event: 25.643 Thread 0x0000018aeaa74040 Thread added: 0x0000018af0ab67e0
Event: 25.645 Thread 0x0000018af0ab6150 Thread added: 0x0000018af0ab7b90
Event: 30.995 Thread 0x0000018aeaa74040 Thread added: 0x0000018af0aba2f0
Event: 34.318 Thread 0x0000018af0ab67e0 Thread added: 0x0000018af0ab7500
Event: 36.014 Thread 0x0000018af0ab7500 Thread exited: 0x0000018af0ab7500


Dynamic libraries:
0x00007ff7406d0000 - 0x00007ff7406de000 	c:\Users\admin\.vscode\extensions\redhat.java-1.45.0-win32-x64\jre\21.0.8-win32-x86_64\bin\java.exe
0x00007ff9e42b0000 - 0x00007ff9e44c7000 	C:\WINDOWS\SYSTEM32\ntdll.dll
0x00007ff9e31c0000 - 0x00007ff9e3284000 	C:\WINDOWS\System32\KERNEL32.DLL
0x00007ff9e13a0000 - 0x00007ff9e1772000 	C:\WINDOWS\System32\KERNELBASE.dll
0x00007ff9e1e20000 - 0x00007ff9e1f31000 	C:\WINDOWS\System32\ucrtbase.dll
0x00007ff9db290000 - 0x00007ff9db2a8000 	c:\Users\admin\.vscode\extensions\redhat.java-1.45.0-win32-x64\jre\21.0.8-win32-x86_64\bin\jli.dll
0x00007ff9e28f0000 - 0x00007ff9e2aa1000 	C:\WINDOWS\System32\USER32.dll
0x00007ff9e1bc0000 - 0x00007ff9e1be6000 	C:\WINDOWS\System32\win32u.dll
0x00007ff9e3290000 - 0x00007ff9e32b9000 	C:\WINDOWS\System32\GDI32.dll
0x00007ff9d9af0000 - 0x00007ff9d9b0e000 	c:\Users\admin\.vscode\extensions\redhat.java-1.45.0-win32-x64\jre\21.0.8-win32-x86_64\bin\VCRUNTIME140.dll
0x00007ff9e1800000 - 0x00007ff9e1923000 	C:\WINDOWS\System32\gdi32full.dll
0x00007ff9e1b20000 - 0x00007ff9e1bba000 	C:\WINDOWS\System32\msvcp_win.dll
0x00007ff9cd080000 - 0x00007ff9cd31b000 	C:\WINDOWS\WinSxS\amd64_microsoft.windows.common-controls_6595b64144ccf1df_6.0.22621.5547_none_27104afb73855772\COMCTL32.dll
0x00007ff9e2010000 - 0x00007ff9e20b7000 	C:\WINDOWS\System32\msvcrt.dll
0x00007ff9e4230000 - 0x00007ff9e4261000 	C:\WINDOWS\System32\IMM32.DLL
0x00007ff9dd1a0000 - 0x00007ff9dd1ac000 	c:\Users\admin\.vscode\extensions\redhat.java-1.45.0-win32-x64\jre\21.0.8-win32-x86_64\bin\vcruntime140_1.dll
0x00007ff9b12e0000 - 0x00007ff9b136d000 	c:\Users\admin\.vscode\extensions\redhat.java-1.45.0-win32-x64\jre\21.0.8-win32-x86_64\bin\msvcp140.dll
0x00007ff960da0000 - 0x00007ff961b37000 	c:\Users\admin\.vscode\extensions\redhat.java-1.45.0-win32-x64\jre\21.0.8-win32-x86_64\bin\server\jvm.dll
0x00007ff9e3100000 - 0x00007ff9e31b1000 	C:\WINDOWS\System32\ADVAPI32.dll
0x00007ff9e4180000 - 0x00007ff9e4228000 	C:\WINDOWS\System32\sechost.dll
0x00007ff9e1930000 - 0x00007ff9e1958000 	C:\WINDOWS\System32\bcrypt.dll
0x00007ff9e2fe0000 - 0x00007ff9e30f4000 	C:\WINDOWS\System32\RPCRT4.dll
0x00007ff9e21a0000 - 0x00007ff9e2211000 	C:\WINDOWS\System32\WS2_32.dll
0x00007ff9e1280000 - 0x00007ff9e12cd000 	C:\WINDOWS\SYSTEM32\POWRPROF.dll
0x00007ff9dd2b0000 - 0x00007ff9dd2e4000 	C:\WINDOWS\SYSTEM32\WINMM.dll
0x00007ff9dc690000 - 0x00007ff9dc69a000 	C:\WINDOWS\SYSTEM32\VERSION.dll
0x00007ff9e1250000 - 0x00007ff9e1263000 	C:\WINDOWS\SYSTEM32\UMPDC.dll
0x00007ff9e0330000 - 0x00007ff9e0348000 	C:\WINDOWS\SYSTEM32\kernel.appcore.dll
0x00007ff9da630000 - 0x00007ff9da63a000 	c:\Users\admin\.vscode\extensions\redhat.java-1.45.0-win32-x64\jre\21.0.8-win32-x86_64\bin\jimage.dll
0x00007ff9dedb0000 - 0x00007ff9defe3000 	C:\WINDOWS\SYSTEM32\DBGHELP.DLL
0x00007ff9e3d70000 - 0x00007ff9e4103000 	C:\WINDOWS\System32\combase.dll
0x00007ff9e20c0000 - 0x00007ff9e2197000 	C:\WINDOWS\System32\OLEAUT32.dll
0x00007ff9cabc0000 - 0x00007ff9cabf2000 	C:\WINDOWS\SYSTEM32\dbgcore.DLL
0x00007ff9e1960000 - 0x00007ff9e19db000 	C:\WINDOWS\System32\bcryptPrimitives.dll
0x00007ff9d9c80000 - 0x00007ff9d9c8f000 	c:\Users\admin\.vscode\extensions\redhat.java-1.45.0-win32-x64\jre\21.0.8-win32-x86_64\bin\instrument.dll
0x00007ff9cd440000 - 0x00007ff9cd45f000 	c:\Users\admin\.vscode\extensions\redhat.java-1.45.0-win32-x64\jre\21.0.8-win32-x86_64\bin\java.dll
0x00007ff9e3470000 - 0x00007ff9e3d12000 	C:\WINDOWS\System32\SHELL32.dll
0x00007ff9e19e0000 - 0x00007ff9e1b1f000 	C:\WINDOWS\System32\wintypes.dll
0x00007ff9df280000 - 0x00007ff9dfb9d000 	C:\WINDOWS\SYSTEM32\windows.storage.dll
0x00007ff9e2760000 - 0x00007ff9e286c000 	C:\WINDOWS\System32\SHCORE.dll
0x00007ff9e1fa0000 - 0x00007ff9e2009000 	C:\WINDOWS\System32\shlwapi.dll
0x00007ff9e12d0000 - 0x00007ff9e12fb000 	C:\WINDOWS\SYSTEM32\profapi.dll
0x00007ff9ccaf0000 - 0x00007ff9ccb08000 	c:\Users\admin\.vscode\extensions\redhat.java-1.45.0-win32-x64\jre\21.0.8-win32-x86_64\bin\zip.dll
0x00007ff9d9ae0000 - 0x00007ff9d9af0000 	C:\Users\admin\.vscode\extensions\redhat.java-1.45.0-win32-x64\jre\21.0.8-win32-x86_64\bin\net.dll
0x00007ff9daaf0000 - 0x00007ff9dac1c000 	C:\WINDOWS\SYSTEM32\WINHTTP.dll
0x00007ff9e0800000 - 0x00007ff9e0869000 	C:\WINDOWS\system32\mswsock.dll
0x00007ff9c5e50000 - 0x00007ff9c5e66000 	C:\Users\admin\.vscode\extensions\redhat.java-1.45.0-win32-x64\jre\21.0.8-win32-x86_64\bin\nio.dll
0x00007ff9c75f0000 - 0x00007ff9c7600000 	c:\Users\admin\.vscode\extensions\redhat.java-1.45.0-win32-x64\jre\21.0.8-win32-x86_64\bin\verify.dll
0x00007ff9b9b60000 - 0x00007ff9b9ba4000 	C:\Users\admin\AppData\Roaming\Code\User\globalStorage\redhat.java\1.45.0\config_win\org.eclipse.equinox.launcher\org.eclipse.equinox.launcher.win32.win32.x86_64_1.2.1400.v20250801-0854\eclipse_11916.dll
0x00007ff9e2ab0000 - 0x00007ff9e2c50000 	C:\WINDOWS\System32\ole32.dll
0x00007ff9e0a10000 - 0x00007ff9e0a2b000 	C:\WINDOWS\SYSTEM32\CRYPTSP.dll
0x00007ff9e02f0000 - 0x00007ff9e0327000 	C:\WINDOWS\system32\rsaenh.dll
0x00007ff9e08b0000 - 0x00007ff9e08d8000 	C:\WINDOWS\SYSTEM32\USERENV.dll
0x00007ff9e0a30000 - 0x00007ff9e0a3c000 	C:\WINDOWS\SYSTEM32\CRYPTBASE.dll
0x00007ff9dfe00000 - 0x00007ff9dfe2d000 	C:\WINDOWS\SYSTEM32\IPHLPAPI.DLL
0x00007ff9e2fd0000 - 0x00007ff9e2fd9000 	C:\WINDOWS\System32\NSI.dll
0x00007ff9b5b70000 - 0x00007ff9b5bb9000 	C:\Users\admin\AppData\Local\Temp\jna-92668751\jna6692670603105165176.dll
0x00007ff9e3d60000 - 0x00007ff9e3d68000 	C:\WINDOWS\System32\PSAPI.DLL
0x00007ff9dacf0000 - 0x00007ff9dad09000 	C:\WINDOWS\SYSTEM32\dhcpcsvc6.DLL
0x00007ff9daa30000 - 0x00007ff9daa4f000 	C:\WINDOWS\SYSTEM32\dhcpcsvc.DLL

JVMTI agents:
c:\Users\admin\.vscode\extensions\redhat.java-1.45.0-win32-x64\lombok\lombok-1.18.39-4050.jar path:c:\Users\admin\.vscode\extensions\redhat.java-1.45.0-win32-x64\jre\21.0.8-win32-x86_64\bin\instrument.dll, loaded, initialized, instrumentlib options:none

dbghelp: loaded successfully - version: 4.0.5 - missing functions: none
symbol engine: initialized successfully - sym options: 0x614 - pdb path: .;c:\Users\admin\.vscode\extensions\redhat.java-1.45.0-win32-x64\jre\21.0.8-win32-x86_64\bin;C:\WINDOWS\SYSTEM32;C:\WINDOWS\WinSxS\amd64_microsoft.windows.common-controls_6595b64144ccf1df_6.0.22621.5547_none_27104afb73855772;c:\Users\admin\.vscode\extensions\redhat.java-1.45.0-win32-x64\jre\21.0.8-win32-x86_64\bin\server;C:\Users\admin\AppData\Roaming\Code\User\globalStorage\redhat.java\1.45.0\config_win\org.eclipse.equinox.launcher\org.eclipse.equinox.launcher.win32.win32.x86_64_1.2.1400.v20250801-0854;C:\Users\admin\AppData\Local\Temp\jna-92668751

VM Arguments:
jvm_args: --add-modules=ALL-SYSTEM --add-opens=java.base/java.util=ALL-UNNAMED --add-opens=java.base/java.lang=ALL-UNNAMED --add-opens=java.base/sun.nio.fs=ALL-UNNAMED -Declipse.application=org.eclipse.jdt.ls.core.id1 -Dosgi.bundles.defaultStartLevel=4 -Declipse.product=org.eclipse.jdt.ls.core.product -Djava.import.generatesMetadataFilesAtProjectRoot=false -DDetectVMInstallationsJob.disabled=true -Dfile.encoding=utf8 -XX:+UseParallelGC -XX:GCTimeRatio=4 -XX:AdaptiveSizePolicyWeight=90 -Dsun.zip.disableMemoryMapping=true -Xmx2G -Xms100m -Xlog:disable -javaagent:c:\Users\admin\.vscode\extensions\redhat.java-1.45.0-win32-x64\lombok\lombok-1.18.39-4050.jar -XX:+HeapDumpOnOutOfMemoryError -XX:HeapDumpPath=c:\Users\admin\AppData\Roaming\Code\User\workspaceStorage\550f6b0b20cf3889ddcd57dbb848c865\redhat.java -Daether.dependencyCollector.impl=bf 
java_command: c:\Users\admin\.vscode\extensions\redhat.java-1.45.0-win32-x64\server\plugins\org.eclipse.equinox.launcher_1.7.0.v20250519-0528.jar -configuration c:\Users\admin\AppData\Roaming\Code\User\globalStorage\redhat.java\1.45.0\config_win -data c:\Users\admin\AppData\Roaming\Code\User\workspaceStorage\550f6b0b20cf3889ddcd57dbb848c865\redhat.java\jdt_ws --pipe=\\.\pipe\lsp-2a0d310656a7ce60b3257c0c4395937d-sock
java_class_path (initial): c:\Users\admin\.vscode\extensions\redhat.java-1.45.0-win32-x64\server\plugins\org.eclipse.equinox.launcher_1.7.0.v20250519-0528.jar
Launcher Type: SUN_STANDARD

[Global flags]
    uintx AdaptiveSizePolicyWeight                 = 90                                        {product} {command line}
     intx CICompilerCount                          = 3                                         {product} {ergonomic}
    uintx GCTimeRatio                              = 4                                         {product} {command line}
     bool HeapDumpOnOutOfMemoryError               = true                                   {manageable} {command line}
    ccstr HeapDumpPath                             = c:\Users\admin\AppData\Roaming\Code\User\workspaceStorage\550f6b0b20cf3889ddcd57dbb848c865\redhat.java         {manageable} {command line}
   size_t InitialHeapSize                          = 104857600                                 {product} {command line}
   size_t MaxHeapSize                              = 2147483648                                {product} {command line}
   size_t MaxNewSize                               = 715653120                                 {product} {ergonomic}
   size_t MinHeapDeltaBytes                        = 524288                                    {product} {ergonomic}
   size_t MinHeapSize                              = 104857600                                 {product} {command line}
   size_t NewSize                                  = 34603008                                  {product} {ergonomic}
    uintx NonNMethodCodeHeapSize                   = 5832780                                {pd product} {ergonomic}
    uintx NonProfiledCodeHeapSize                  = 122912730                              {pd product} {ergonomic}
   size_t OldSize                                  = 70254592                                  {product} {ergonomic}
    uintx ProfiledCodeHeapSize                     = 122912730                              {pd product} {ergonomic}
    uintx ReservedCodeCacheSize                    = 251658240                              {pd product} {ergonomic}
     bool SegmentedCodeCache                       = true                                      {product} {ergonomic}
   size_t SoftMaxHeapSize                          = 2147483648                             {manageable} {ergonomic}
     bool UseCompressedOops                        = true                           {product lp64_product} {ergonomic}
     bool UseLargePagesIndividualAllocation        = false                                  {pd product} {ergonomic}
     bool UseParallelGC                            = true                                      {product} {command line}

Logging:
Log output configuration:
 #0: stdout all=off uptime,level,tags foldmultilines=false
 #1: stderr all=off uptime,level,tags foldmultilines=false

Environment Variables:
JAVA_HOME=C:\Program Files\Java\jdk-24
PATH=C:\Program Files\Common Files\Oracle\Java\javapath;C:\Program Files (x86)\Common Files\Oracle\Java\java8path;C:\Program Files (x86)\Common Files\Oracle\Java\javapath;C:\Python312\Scripts\;C:\Python312\;C:\Windows\system32;C:\Windows;C:\Windows\System32\Wbem;C:\Windows\System32\WindowsPowerShell\v1.0\;C:\Windows\System32\OpenSSH\;C:\Program Files (x86)\GUI Turbo Assembler\BIN;C:\ProgramData\chocolatey\bin;C:\WINDOWS\system32;C:\WINDOWS;C:\WINDOWS\System32\Wbem;C:\WINDOWS\System32\WindowsPowerShell\v1.0\;C:\WINDOWS\System32\OpenSSH\;C:\Program Files\nodejs\;C:\Program Files\Java\jdk-24\bin;C:\Program Files\Git\bin;C:\Program Files\Git\cmd;C:\src\flutter\bin;C:\Program Files\apache-maven-3.9.11\bin;C:\Users\admin\AppData\Roaming\npm;C:\Program Files\MySQL\MySQL Shell 8.0\bin\;C:\Users\admin\AppData\Local\Microsoft\WindowsApps;D:\Microsoft VS Code\bin;C:\Users\admin\AppData\Local\Programs\Python\Python37-32;C:\Users\admin\AppData\Local\Programs\Python\Python37-32\Scripts;C:\Users\admin\AppData\Roaming\Python\Python312\Scripts
USERNAME=admin
OS=Windows_NT
PROCESSOR_IDENTIFIER=Intel64 Family 6 Model 126 Stepping 5, GenuineIntel
TMP=C:\Users\admin\AppData\Local\Temp
TEMP=C:\Users\admin\AppData\Local\Temp




Periodic native trim disabled

---------------  S Y S T E M  ---------------

OS:
 Windows 11 , 64 bit Build 22621 (10.0.22621.5415)
OS uptime: 0 days 20:51 hours
Hyper-V role detected

CPU: total 4 (initial active 4) (2 cores per cpu, 2 threads per core) family 6 model 126 stepping 5 microcode 0xa0, cx8, cmov, fxsr, ht, mmx, 3dnowpref, sse, sse2, sse3, ssse3, sse4.1, sse4.2, popcnt, lzcnt, tsc, tscinvbit, avx, avx2, aes, erms, clmul, bmi1, bmi2, adx, avx512f, avx512dq, avx512cd, avx512bw, avx512vl, sha, fma, vzeroupper, avx512_vpopcntdq, avx512_vpclmulqdq, avx512_vaes, avx512_vnni, clflush, clflushopt, avx512_vbmi2, avx512_vbmi, hv, rdtscp, rdpid, fsrm, gfni, avx512_bitalg, f16c, avx512_ifma
Processor Information for the first 4 processors :
  Max Mhz: 1190, Current Mhz: 1190, Mhz Limit: 1190

Memory: 4k page, system-wide physical 3838M (174M free)
TotalPageFile size 15614M (AvailPageFile size 2M)
current process WorkingSet (physical memory assigned to process): 290M, peak: 290M
current process commit charge ("private bytes"): 418M, peak: 1639M

vm_info: OpenJDK 64-Bit Server VM (21.0.8+9-LTS) for windows-amd64 JRE (21.0.8+9-LTS), built on 2025-07-15T00:00:00Z by "admin" with MS VC++ 17.7 (VS2022)

END.
